2025-02-03 19:24:02,799 - INFO - Приложение запущено
2025-02-03 19:25:55,978 - INFO - Приложение запущено
2025-02-03 19:26:02,424 - INFO - Загружен файл: E:/Python/mag_delivery_py/реестр КП (тер схема)_small.xlsx
2025-02-03 19:26:06,212 - INFO - Чтение файла: E:/Python/mag_delivery_py/реестр КП (тер схема)_small.xlsx
2025-02-03 19:26:07,627 - INFO - Обработка данных
2025-02-03 19:26:07,735 - INFO - Результаты сохранены: results/result_20250203_192607.xlsx
2025-02-03 19:27:11,875 - INFO - Загружен файл: E:/Python/mag_delivery_py/реестр КП (тер схема).xlsx
2025-02-03 19:27:17,861 - INFO - Чтение файла: E:/Python/mag_delivery_py/реестр КП (тер схема).xlsx
2025-02-03 19:27:19,197 - INFO - Обработка данных
2025-02-03 19:27:21,404 - INFO - Результаты сохранены: results/result_20250203_192719.xlsx
2025-02-03 19:36:08,650 - INFO - Приложение запущено
2025-02-03 19:36:12,944 - INFO - Загружен файл: E:/Python/mag_delivery_py/реестр КП (тер схема)_small.xlsx
2025-02-03 19:36:14,480 - INFO - Чтение файла: E:/Python/mag_delivery_py/реестр КП (тер схема)_small.xlsx
2025-02-03 19:36:16,699 - INFO - Обработка данных
2025-02-03 19:36:16,699 - ERROR - Ошибка обработки данных: 'module' object is not callable
2025-02-03 19:36:16,700 - ERROR - Ошибка: 'module' object is not callable
2025-02-03 19:37:08,323 - INFO - Чтение файла: E:/Python/mag_delivery_py/реестр КП (тер схема)_small.xlsx
2025-02-03 19:37:10,317 - INFO - Обработка данных
2025-02-03 19:37:10,318 - ERROR - Ошибка обработки данных: 'module' object is not callable
2025-02-03 19:37:10,319 - ERROR - Ошибка: 'module' object is not callable
2025-02-03 19:37:38,917 - INFO - Приложение запущено
2025-02-03 19:37:42,783 - INFO - Загружен файл: E:/Python/mag_delivery_py/реестр КП (тер схема)_small.xlsx
2025-02-03 19:37:43,839 - INFO - Чтение файла: E:/Python/mag_delivery_py/реестр КП (тер схема)_small.xlsx
2025-02-03 19:37:46,041 - INFO - Обработка данных
2025-02-03 19:37:46,041 - ERROR - Ошибка обработки данных: test_main() takes 0 positional arguments but 3 were given
2025-02-03 19:37:46,042 - ERROR - Ошибка: test_main() takes 0 positional arguments but 3 were given
2025-02-03 19:38:17,088 - INFO - Приложение запущено
2025-02-03 19:38:20,431 - INFO - Загружен файл: E:/Python/mag_delivery_py/реестр КП (тер схема)_small.xlsx
2025-02-03 19:38:21,317 - INFO - Чтение файла: E:/Python/mag_delivery_py/реестр КП (тер схема)_small.xlsx
2025-02-03 19:38:23,492 - INFO - Обработка данных
2025-02-03 19:38:23,493 - ERROR - Ошибка сохранения файла: 'NoneType' object has no attribute 'to_excel'
2025-02-03 19:38:23,494 - ERROR - Ошибка: 'NoneType' object has no attribute 'to_excel'
2025-02-03 19:40:02,342 - INFO - Приложение запущено
2025-02-03 19:40:05,884 - INFO - Загружен файл: E:/Python/mag_delivery_py/реестр КП (тер схема)_small.xlsx
2025-02-03 19:40:06,825 - INFO - Чтение файла: E:/Python/mag_delivery_py/реестр КП (тер схема)_small.xlsx
2025-02-03 19:40:09,096 - INFO - Обработка данных
2025-02-03 19:40:35,186 - ERROR - Ошибка обработки данных: name 'containers_data' is not defined
2025-02-03 19:40:35,186 - ERROR - Ошибка: name 'containers_data' is not defined
2025-02-03 19:48:51,686 - INFO - Приложение запущено
2025-02-03 19:48:57,373 - INFO - Загружен файл: E:/Python/mag_delivery_py/реестр КП (тер схема)_small.xlsx
2025-02-03 19:48:58,198 - INFO - Чтение файла: E:/Python/mag_delivery_py/реестр КП (тер схема)_small.xlsx
2025-02-03 19:49:00,454 - INFO - Обработка данных
2025-02-03 19:49:28,808 - INFO - Приложение запущено
2025-02-03 19:49:32,039 - INFO - Загружен файл: E:/Python/mag_delivery_py/реестр КП (тер схема)_small.xlsx
2025-02-03 19:49:33,091 - INFO - Чтение файла: E:/Python/mag_delivery_py/реестр КП (тер схема)_small.xlsx
2025-02-03 19:49:35,274 - INFO - Обработка данных
2025-02-03 19:51:59,074 - INFO - Приложение запущено
2025-02-03 19:52:01,958 - INFO - Загружен файл: E:/Python/mag_delivery_py/реестр КП (тер схема)_small.xlsx
2025-02-03 19:52:02,710 - INFO - Чтение файла: E:/Python/mag_delivery_py/реестр КП (тер схема)_small.xlsx
2025-02-03 19:52:04,899 - INFO - Обработка данных
2025-02-03 19:52:30,736 - INFO - Start to calculate trails: 9
2025-02-03 19:55:14,587 - INFO - Приложение запущено
2025-02-03 19:55:18,555 - ERROR - Файл не выбран!
2025-02-03 19:55:22,581 - INFO - Загружен файл: E:/Python/mag_delivery_py/реестр КП (тер схема)_small.xlsx
2025-02-03 19:55:23,362 - INFO - Чтение файла: E:/Python/mag_delivery_py/реестр КП (тер схема)_small.xlsx
2025-02-03 19:55:25,603 - INFO - Обработка данных
2025-02-03 19:55:51,664 - INFO - Начинаем создавать маршруты для лота: 1
2025-02-03 19:55:51,669 - INFO - Start to calculate trails: 9
2025-02-03 19:55:55,633 - INFO - Calculation 1 has finished.
2025-02-03 19:55:55,635 - INFO - Calculation 1 has finished.
2025-02-03 19:55:55,637 - INFO - Calculation 1 has finished.
2025-02-03 19:55:55,639 - INFO - Calculation 1 has finished.
2025-02-03 20:01:42,335 - INFO - Приложение запущено
2025-02-03 20:01:45,497 - INFO - Загружен файл: E:/Python/mag_delivery_py/реестр КП (тер схема)_small.xlsx
2025-02-03 20:01:46,382 - INFO - Чтение файла: E:/Python/mag_delivery_py/реестр КП (тер схема)_small.xlsx
2025-02-03 20:01:48,604 - INFO - Обработка данных
2025-02-03 20:02:14,634 - INFO - Начинаем создавать маршруты для машины КАМАЗ 53605, МК-4546-06 в лоте 1 
2025-02-03 20:02:14,639 - INFO - Осталось 9 контейнерных площадок для рассчёта.
2025-02-03 20:02:18,360 - INFO - Расчёт для машины КАМАЗ 53605, МК-4546-06 в лоте 1 завершён.
2025-02-03 20:02:18,361 - INFO - Начинаем создавать маршруты для машины КАМАЗ 43255-3010-69, МК-4512-04 в лоте 1 
2025-02-03 20:02:18,363 - INFO - Расчёт для машины КАМАЗ 43255-3010-69, МК-4512-04 в лоте 1 завершён.
2025-02-03 20:02:18,363 - INFO - Начинаем создавать маршруты для машины Бункеровоз в лоте 1 
2025-02-03 20:02:18,366 - INFO - Расчёт для машины Бункеровоз в лоте 1 завершён.
2025-02-03 20:02:18,368 - INFO - Начинаем создавать маршруты для машины КАМАЗ 43255-6010-69 (самосвал) в лоте 1 
2025-02-03 20:02:18,370 - INFO - Расчёт для машины КАМАЗ 43255-6010-69 (самосвал) в лоте 1 завершён.
2025-02-03 20:03:55,511 - INFO - Приложение запущено
2025-02-03 20:03:58,303 - INFO - Загружен файл: E:/Python/mag_delivery_py/реестр КП (тер схема)_small.xlsx
2025-02-03 20:03:59,385 - INFO - Чтение файла: E:/Python/mag_delivery_py/реестр КП (тер схема)_small.xlsx
2025-02-03 20:04:01,549 - INFO - Обработка данных
2025-02-03 20:04:27,217 - INFO - Начинаем создавать маршруты для машины КАМАЗ 53605, МК-4546-06 в лоте 1 
2025-02-03 20:04:27,219 - INFO - Осталось 9 контейнерных площадок для рассчёта.
2025-02-03 20:04:31,148 - INFO - Расчёт для машины КАМАЗ 53605, МК-4546-06 в лоте 1 завершён.
2025-02-03 20:04:31,148 - INFO - Начинаем создавать маршруты для машины КАМАЗ 43255-3010-69, МК-4512-04 в лоте 1 
2025-02-03 20:04:31,151 - INFO - Расчёт для машины КАМАЗ 43255-3010-69, МК-4512-04 в лоте 1 завершён.
2025-02-03 20:04:31,153 - INFO - Начинаем создавать маршруты для машины Бункеровоз в лоте 1 
2025-02-03 20:04:31,154 - INFO - Расчёт для машины Бункеровоз в лоте 1 завершён.
2025-02-03 20:04:31,155 - INFO - Начинаем создавать маршруты для машины КАМАЗ 43255-6010-69 (самосвал) в лоте 1 
2025-02-03 20:04:31,156 - INFO - Расчёт для машины КАМАЗ 43255-6010-69 (самосвал) в лоте 1 завершён.
2025-02-03 20:07:20,701 - INFO - Приложение запущено
2025-02-03 20:07:23,586 - INFO - Загружен файл: E:/Python/mag_delivery_py/реестр КП (тер схема)_small.xlsx
2025-02-03 20:07:24,399 - INFO - Чтение файла: E:/Python/mag_delivery_py/реестр КП (тер схема)_small.xlsx
2025-02-03 20:07:26,576 - INFO - Обработка данных
2025-02-03 20:07:26,577 - INFO - Загружаем карту с 154 342 984 точек в радиусе 50 км от полигона.
2025-02-03 20:07:44,802 - INFO - Чтение файла: E:/Python/mag_delivery_py/реестр КП (тер схема)_small.xlsx
2025-02-03 20:07:47,929 - INFO - Обработка данных
2025-02-03 20:07:47,930 - INFO - Загружаем карту с 154 342 984 точек в радиусе 50 км от полигона.
2025-02-03 20:08:09,785 - INFO - Начинаем создавать маршруты для машины КАМАЗ 53605, МК-4546-06 в лоте 1 
2025-02-03 20:08:09,817 - INFO - Осталось 9 контейнерных площадок для рассчёта.
2025-02-03 20:08:15,997 - INFO - Расчёт для машины КАМАЗ 53605, МК-4546-06 в лоте 1 завершён.
2025-02-03 20:08:16,006 - INFO - Начинаем создавать маршруты для машины КАМАЗ 43255-3010-69, МК-4512-04 в лоте 1 
2025-02-03 20:08:16,023 - INFO - Расчёт для машины КАМАЗ 43255-3010-69, МК-4512-04 в лоте 1 завершён.
2025-02-03 20:08:16,031 - INFO - Начинаем создавать маршруты для машины Бункеровоз в лоте 1 
2025-02-03 20:08:16,037 - INFO - Расчёт для машины Бункеровоз в лоте 1 завершён.
2025-02-03 20:08:16,049 - INFO - Начинаем создавать маршруты для машины КАМАЗ 43255-6010-69 (самосвал) в лоте 1 
2025-02-03 20:08:16,061 - INFO - Расчёт для машины КАМАЗ 43255-6010-69 (самосвал) в лоте 1 завершён.
2025-02-03 20:08:22,972 - INFO - Приложение запущено
2025-02-03 20:08:25,817 - INFO - Загружен файл: E:/Python/mag_delivery_py/реестр КП (тер схема)_small.xlsx
2025-02-03 20:08:29,759 - INFO - Чтение файла: E:/Python/mag_delivery_py/реестр КП (тер схема)_small.xlsx
2025-02-03 20:08:31,897 - INFO - Обработка данных
2025-02-03 20:08:31,899 - INFO - Загружаем карту с 154 342 984 точек в радиусе 50 км от полигона.
2025-02-03 20:08:58,143 - INFO - Начинаем создавать маршруты для машины КАМАЗ 53605, МК-4546-06 в лоте 1 
2025-02-03 20:08:58,145 - INFO - Осталось 9 контейнерных площадок для рассчёта.
2025-02-03 20:09:02,164 - INFO - Расчёт для машины КАМАЗ 53605, МК-4546-06 в лоте 1 завершён.
2025-02-03 20:09:02,164 - INFO - Начинаем создавать маршруты для машины КАМАЗ 43255-3010-69, МК-4512-04 в лоте 1 
2025-02-03 20:09:02,167 - INFO - Расчёт для машины КАМАЗ 43255-3010-69, МК-4512-04 в лоте 1 завершён.
2025-02-03 20:09:02,167 - INFO - Начинаем создавать маршруты для машины Бункеровоз в лоте 1 
2025-02-03 20:09:02,169 - INFO - Расчёт для машины Бункеровоз в лоте 1 завершён.
2025-02-03 20:09:02,169 - INFO - Начинаем создавать маршруты для машины КАМАЗ 43255-6010-69 (самосвал) в лоте 1 
2025-02-03 20:09:02,171 - INFO - Расчёт для машины КАМАЗ 43255-6010-69 (самосвал) в лоте 1 завершён.
2025-02-03 20:10:21,871 - INFO - Приложение запущено
2025-02-03 20:10:25,150 - INFO - Загружен файл: E:/Python/mag_delivery_py/реестр КП (тер схема)_small.xlsx
2025-02-03 20:10:26,173 - INFO - Чтение файла: E:/Python/mag_delivery_py/реестр КП (тер схема)_small.xlsx
2025-02-03 20:10:28,365 - INFO - Обработка данных
2025-02-03 20:10:28,367 - INFO - Загружаем карту с 154 342 984 точек в радиусе 50 км от полигона.
2025-02-03 20:10:54,169 - INFO - Начинаем создавать маршруты для машины КАМАЗ 53605, МК-4546-06 в лоте 1 
2025-02-03 20:10:54,172 - INFO - Осталось 9 контейнерных площадок для рассчёта.
2025-02-03 20:10:57,978 - INFO - Расчёт для машины КАМАЗ 53605, МК-4546-06 в лоте 1 завершён.
2025-02-03 20:10:57,978 - INFO - Начинаем создавать маршруты для машины КАМАЗ 43255-3010-69, МК-4512-04 в лоте 1 
2025-02-03 20:10:57,980 - INFO - Расчёт для машины КАМАЗ 43255-3010-69, МК-4512-04 в лоте 1 завершён.
2025-02-03 20:10:57,981 - INFO - Начинаем создавать маршруты для машины Бункеровоз в лоте 1 
2025-02-03 20:10:57,983 - INFO - Расчёт для машины Бункеровоз в лоте 1 завершён.
2025-02-03 20:10:57,984 - INFO - Начинаем создавать маршруты для машины КАМАЗ 43255-6010-69 (самосвал) в лоте 1 
2025-02-03 20:10:57,986 - INFO - Расчёт для машины КАМАЗ 43255-6010-69 (самосвал) в лоте 1 завершён.
2025-02-03 20:12:34,813 - INFO - Приложение запущено
2025-02-03 20:12:37,024 - INFO - Загружен файл: E:/Python/mag_delivery_py/реестр КП (тер схема)_small.xlsx
2025-02-03 20:12:37,929 - INFO - Чтение файла: E:/Python/mag_delivery_py/реестр КП (тер схема)_small.xlsx
2025-02-03 20:12:40,162 - INFO - Обработка данных
2025-02-03 20:12:40,164 - INFO - Загружаем карту с 154 342 984 точек в радиусе 50 км от полигона.
2025-02-03 20:13:05,375 - INFO - Начинаем создавать маршруты для машины КАМАЗ 53605, МК-4546-06 в лоте 1 
2025-02-03 20:13:05,378 - INFO - Осталось 9 контейнерных площадок для рассчёта.
2025-02-03 20:13:09,117 - INFO - Расчёт для машины КАМАЗ 53605, МК-4546-06 в лоте 1 завершён.
2025-02-03 20:13:09,118 - INFO - Начинаем создавать маршруты для машины КАМАЗ 43255-3010-69, МК-4512-04 в лоте 1 
2025-02-03 20:13:09,120 - INFO - Расчёт для машины КАМАЗ 43255-3010-69, МК-4512-04 в лоте 1 завершён.
2025-02-03 20:13:09,120 - INFO - Начинаем создавать маршруты для машины Бункеровоз в лоте 1 
2025-02-03 20:13:09,122 - INFO - Расчёт для машины Бункеровоз в лоте 1 завершён.
2025-02-03 20:13:09,123 - INFO - Начинаем создавать маршруты для машины КАМАЗ 43255-6010-69 (самосвал) в лоте 1 
2025-02-03 20:13:09,124 - INFO - Расчёт для машины КАМАЗ 43255-6010-69 (самосвал) в лоте 1 завершён.
2025-02-03 20:13:09,125 - WARNING - Расчёт всех марщрутов завершён!
2025-02-03 20:14:58,083 - INFO - Приложение запущено
2025-02-03 20:15:00,373 - INFO - Загружен файл: E:/Python/mag_delivery_py/реестр КП (тер схема)_small.xlsx
2025-02-03 20:15:01,187 - INFO - Чтение файла: E:/Python/mag_delivery_py/реестр КП (тер схема)_small.xlsx
2025-02-03 20:15:03,391 - INFO - Обработка данных
2025-02-03 20:15:03,392 - INFO - Загружаем карту с 154 342 984 точек в радиусе 50 км от полигона.
2025-02-03 20:15:29,732 - INFO - Начинаем создавать маршруты для машины КАМАЗ 53605, МК-4546-06 в лоте 1 
2025-02-03 20:15:29,736 - INFO - Осталось 9 контейнерных площадок для рассчёта.
2025-02-03 20:15:33,604 - INFO - Расчёт для машины КАМАЗ 53605, МК-4546-06 в лоте 1 завершён.
2025-02-03 20:15:33,604 - INFO - Начинаем создавать маршруты для машины КАМАЗ 43255-3010-69, МК-4512-04 в лоте 1 
2025-02-03 20:15:33,606 - INFO - Расчёт для машины КАМАЗ 43255-3010-69, МК-4512-04 в лоте 1 завершён.
2025-02-03 20:15:33,607 - INFO - Начинаем создавать маршруты для машины Бункеровоз в лоте 1 
2025-02-03 20:15:33,608 - INFO - Расчёт для машины Бункеровоз в лоте 1 завершён.
2025-02-03 20:15:33,609 - INFO - Начинаем создавать маршруты для машины КАМАЗ 43255-6010-69 (самосвал) в лоте 1 
2025-02-03 20:15:33,610 - INFO - Расчёт для машины КАМАЗ 43255-6010-69 (самосвал) в лоте 1 завершён.
2025-02-03 20:15:33,611 - WARNING - Расчёт всех марщрутов завершён!
2025-02-03 20:15:58,183 - INFO - Приложение запущено
2025-02-03 20:16:00,600 - INFO - Загружен файл: E:/Python/mag_delivery_py/реестр КП (тер схема)_small.xlsx
2025-02-03 20:16:01,383 - INFO - Чтение файла: E:/Python/mag_delivery_py/реестр КП (тер схема)_small.xlsx
2025-02-03 20:16:03,587 - INFO - Обработка данных
2025-02-03 20:16:03,589 - WARNING - Загружаем карту в радиусе 50 км от полигона. Это длительный процесс, не выключайте программу.
2025-02-03 20:16:29,222 - INFO - Начинаем создавать маршруты для машины КАМАЗ 53605, МК-4546-06 в лоте 1 
2025-02-03 20:16:29,226 - INFO - Осталось 9 контейнерных площадок для рассчёта.
2025-02-03 20:16:32,965 - INFO - Расчёт для машины КАМАЗ 53605, МК-4546-06 в лоте 1 завершён.
2025-02-03 20:16:32,965 - INFO - Начинаем создавать маршруты для машины КАМАЗ 43255-3010-69, МК-4512-04 в лоте 1 
2025-02-03 20:16:32,968 - INFO - Расчёт для машины КАМАЗ 43255-3010-69, МК-4512-04 в лоте 1 завершён.
2025-02-03 20:16:32,968 - INFO - Начинаем создавать маршруты для машины Бункеровоз в лоте 1 
2025-02-03 20:16:32,970 - INFO - Расчёт для машины Бункеровоз в лоте 1 завершён.
2025-02-03 20:16:32,971 - INFO - Начинаем создавать маршруты для машины КАМАЗ 43255-6010-69 (самосвал) в лоте 1 
2025-02-03 20:16:32,973 - INFO - Расчёт для машины КАМАЗ 43255-6010-69 (самосвал) в лоте 1 завершён.
2025-02-03 20:16:32,975 - WARNING - Расчёт всех марщрутов завершён!
2025-02-03 20:16:50,084 - INFO - Загружен файл: E:/Python/mag_delivery_py/реестр КП (тер схема).xlsx
2025-02-03 20:16:51,231 - INFO - Чтение файла: E:/Python/mag_delivery_py/реестр КП (тер схема).xlsx
2025-02-03 20:16:54,536 - INFO - Обработка данных
2025-02-03 20:16:54,538 - WARNING - Загружаем карту в радиусе 50 км от полигона. Это длительный процесс, не выключайте программу.
2025-02-03 20:17:20,461 - INFO - Начинаем создавать маршруты для машины КАМАЗ 53605, МК-4546-06 в лоте 1 
2025-02-03 20:17:20,469 - INFO - Осталось 4823 контейнерных площадок для рассчёта.
2025-02-03 20:18:52,726 - INFO - Осталось 4594 контейнерных площадок для рассчёта.
2025-02-03 20:19:05,654 - INFO - Осталось 4568 контейнерных площадок для рассчёта.
2025-02-03 20:19:16,529 - INFO - Осталось 4546 контейнерных площадок для рассчёта.
2025-02-03 20:19:31,226 - INFO - Осталось 4515 контейнерных площадок для рассчёта.
2025-02-03 20:19:39,642 - INFO - Осталось 4499 контейнерных площадок для рассчёта.
2025-02-03 20:19:50,535 - INFO - Осталось 4476 контейнерных площадок для рассчёта.
2025-02-03 20:20:01,892 - INFO - Осталось 4451 контейнерных площадок для рассчёта.
2025-02-03 20:20:15,882 - INFO - Осталось 4419 контейнерных площадок для рассчёта.
2025-02-03 20:20:35,726 - INFO - Осталось 4373 контейнерных площадок для рассчёта.
2025-02-03 20:20:51,971 - INFO - Осталось 4339 контейнерных площадок для рассчёта.
2025-02-03 20:21:12,031 - INFO - Осталось 4298 контейнерных площадок для рассчёта.
2025-02-03 20:21:24,144 - INFO - Осталось 4274 контейнерных площадок для рассчёта.
2025-02-03 20:21:32,391 - INFO - Осталось 4259 контейнерных площадок для рассчёта.
2025-02-03 20:21:49,352 - INFO - Приложение запущено
2025-02-03 20:21:50,878 - ERROR - Файл не выбран!
2025-02-03 20:21:54,373 - INFO - Загружен файл: E:/Python/mag_delivery_py/реестр КП (тер схема)_mid.xlsx
2025-02-03 20:21:55,224 - INFO - Чтение файла: E:/Python/mag_delivery_py/реестр КП (тер схема)_mid.xlsx
2025-02-03 20:21:57,423 - INFO - Обработка данных
2025-02-03 20:21:57,425 - WARNING - Загружаем карту в радиусе 50 км от полигона. Это длительный процесс, не выключайте программу.
2025-02-03 20:22:23,905 - INFO - Начинаем создавать маршруты для машины КАМАЗ 53605, МК-4546-06 в лоте 1 
2025-02-03 20:22:23,923 - INFO - Осталось 58 контейнерных площадок для рассчёта.
2025-02-03 20:22:33,371 - INFO - Осталось 41 контейнерных площадок для рассчёта.
2025-02-03 20:22:46,048 - INFO - Осталось 17 контейнерных площадок для рассчёта.
2025-02-03 20:22:53,114 - INFO - Расчёт для машины КАМАЗ 53605, МК-4546-06 в лоте 1 завершён.
2025-02-03 20:22:53,115 - INFO - Начинаем создавать маршруты для машины КАМАЗ 43255-3010-69, МК-4512-04 в лоте 1 
2025-02-03 20:22:53,119 - INFO - Осталось 2 контейнерных площадок для рассчёта.
2025-02-03 20:22:53,296 - INFO - Осталось 1 контейнерных площадок для рассчёта.
2025-02-03 20:22:53,574 - INFO - Расчёт для машины КАМАЗ 43255-3010-69, МК-4512-04 в лоте 1 завершён.
2025-02-03 20:22:53,575 - INFO - Начинаем создавать маршруты для машины Бункеровоз в лоте 1 
2025-02-03 20:22:53,580 - INFO - Расчёт для машины Бункеровоз в лоте 1 завершён.
2025-02-03 20:22:53,580 - INFO - Начинаем создавать маршруты для машины КАМАЗ 43255-6010-69 (самосвал) в лоте 1 
2025-02-03 20:22:53,582 - INFO - Расчёт для машины КАМАЗ 43255-6010-69 (самосвал) в лоте 1 завершён.
2025-02-03 20:22:53,584 - INFO - Начинаем создавать маршруты для машины КАМАЗ 53605, МК-4546-06 в лоте 2 
2025-02-03 20:22:53,585 - INFO - Осталось 6 контейнерных площадок для рассчёта.
2025-02-03 20:22:56,245 - INFO - Расчёт для машины КАМАЗ 53605, МК-4546-06 в лоте 2 завершён.
2025-02-03 20:22:56,245 - INFO - Начинаем создавать маршруты для машины КАМАЗ 43255-3010-69, МК-4512-04 в лоте 2 
2025-02-03 20:22:56,250 - INFO - Расчёт для машины КАМАЗ 43255-3010-69, МК-4512-04 в лоте 2 завершён.
2025-02-03 20:22:56,250 - INFO - Начинаем создавать маршруты для машины Бункеровоз в лоте 2 
2025-02-03 20:22:56,252 - INFO - Расчёт для машины Бункеровоз в лоте 2 завершён.
2025-02-03 20:22:56,252 - INFO - Начинаем создавать маршруты для машины КАМАЗ 43255-6010-69 (самосвал) в лоте 2 
2025-02-03 20:22:56,255 - INFO - Расчёт для машины КАМАЗ 43255-6010-69 (самосвал) в лоте 2 завершён.
2025-02-03 20:22:56,257 - INFO - Начинаем создавать маршруты для машины КАМАЗ 53605, МК-4546-06 в лоте 3 
2025-02-03 20:22:56,259 - INFO - Расчёт для машины КАМАЗ 53605, МК-4546-06 в лоте 3 завершён.
2025-02-03 20:22:56,260 - INFO - Начинаем создавать маршруты для машины КАМАЗ 43255-3010-69, МК-4512-04 в лоте 3 
2025-02-03 20:22:56,262 - INFO - Осталось 1 контейнерных площадок для рассчёта.
2025-02-03 20:22:56,547 - INFO - Расчёт для машины КАМАЗ 43255-3010-69, МК-4512-04 в лоте 3 завершён.
2025-02-03 20:22:56,548 - INFO - Начинаем создавать маршруты для машины Бункеровоз в лоте 3 
2025-02-03 20:22:56,552 - INFO - Осталось 2 контейнерных площадок для рассчёта.
2025-02-03 20:22:56,829 - INFO - Осталось 1 контейнерных площадок для рассчёта.
2025-02-03 20:22:57,112 - INFO - Расчёт для машины Бункеровоз в лоте 3 завершён.
2025-02-03 20:22:57,113 - INFO - Начинаем создавать маршруты для машины КАМАЗ 43255-6010-69 (самосвал) в лоте 3 
2025-02-03 20:22:57,118 - INFO - Расчёт для машины КАМАЗ 43255-6010-69 (самосвал) в лоте 3 завершён.
2025-02-03 20:22:57,118 - WARNING - Расчёт всех марщрутов завершён!
2025-02-03 20:23:27,091 - INFO - Загружен файл: E:/Python/mag_delivery_py/реестр КП (тер схема).xlsx
2025-02-03 20:23:27,953 - INFO - Чтение файла: E:/Python/mag_delivery_py/реестр КП (тер схема).xlsx
2025-02-03 20:23:31,316 - INFO - Обработка данных
2025-02-03 20:23:31,317 - WARNING - Загружаем карту в радиусе 50 км от полигона. Это длительный процесс, не выключайте программу.
2025-02-03 20:23:57,442 - INFO - Начинаем создавать маршруты для машины КАМАЗ 53605, МК-4546-06 в лоте 1 
2025-02-03 20:23:57,455 - INFO - Осталось 4823 контейнерных площадок для рассчёта.
2025-02-03 20:25:29,632 - INFO - Осталось 4594 контейнерных площадок для рассчёта.
2025-02-03 20:25:41,950 - INFO - Осталось 4568 контейнерных площадок для рассчёта.
2025-02-03 20:25:52,521 - INFO - Осталось 4546 контейнерных площадок для рассчёта.
2025-02-03 20:26:07,056 - INFO - Осталось 4515 контейнерных площадок для рассчёта.
2025-02-03 20:26:15,253 - INFO - Осталось 4499 контейнерных площадок для рассчёта.
2025-02-03 20:26:26,346 - INFO - Осталось 4476 контейнерных площадок для рассчёта.
2025-02-03 20:26:37,813 - INFO - Осталось 4451 контейнерных площадок для рассчёта.
2025-02-03 20:26:52,114 - INFO - Осталось 4419 контейнерных площадок для рассчёта.
2025-02-03 20:27:12,477 - INFO - Осталось 4373 контейнерных площадок для рассчёта.
2025-02-03 20:28:30,149 - INFO - Приложение запущено
2025-02-03 20:30:03,092 - INFO - Приложение запущено
2025-02-03 20:30:05,745 - INFO - Загружен файл: E:/Python/mag_delivery_py/реестр КП (тер схема).xlsx
2025-02-03 20:30:06,513 - INFO - Чтение файла: E:/Python/mag_delivery_py/реестр КП (тер схема).xlsx
2025-02-03 20:30:09,815 - INFO - Обработка данных
2025-02-03 20:30:09,817 - WARNING - Загружаем карту в радиусе 50 км от полигона. Это длительный процесс, не выключайте программу.
2025-02-03 20:30:11,531 - INFO - Начинаем создавать маршруты для машины КАМАЗ 53605, МК-4546-06 в лоте 1 
2025-02-03 20:30:11,540 - INFO - Осталось 4823 контейнерных площадок для рассчёта.
2025-02-03 20:30:14,457 - INFO - Осталось 4594 контейнерных площадок для рассчёта.
2025-02-03 20:30:14,869 - INFO - Осталось 4568 контейнерных площадок для рассчёта.
2025-02-03 20:30:15,247 - INFO - Осталось 4546 контейнерных площадок для рассчёта.
2025-02-03 20:30:15,783 - INFO - Осталось 4515 контейнерных площадок для рассчёта.
2025-02-03 20:30:16,077 - INFO - Осталось 4499 контейнерных площадок для рассчёта.
2025-02-03 20:30:16,450 - INFO - Осталось 4476 контейнерных площадок для рассчёта.
2025-02-03 20:30:16,857 - INFO - Осталось 4451 контейнерных площадок для рассчёта.
2025-02-03 20:30:17,339 - INFO - Осталось 4419 контейнерных площадок для рассчёта.
2025-02-03 20:30:18,004 - INFO - Осталось 4373 контейнерных площадок для рассчёта.
2025-02-03 20:30:18,504 - INFO - Осталось 4339 контейнерных площадок для рассчёта.
2025-02-03 20:30:19,104 - INFO - Осталось 4298 контейнерных площадок для рассчёта.
2025-02-03 20:30:19,490 - INFO - Осталось 4274 контейнерных площадок для рассчёта.
2025-02-03 20:30:19,791 - INFO - Осталось 4259 контейнерных площадок для рассчёта.
2025-02-03 20:30:20,204 - INFO - Осталось 4236 контейнерных площадок для рассчёта.
2025-02-03 20:30:20,629 - INFO - Осталось 4210 контейнерных площадок для рассчёта.
2025-02-03 20:30:21,071 - INFO - Осталось 4183 контейнерных площадок для рассчёта.
2025-02-03 20:30:21,435 - INFO - Осталось 4163 контейнерных площадок для рассчёта.
2025-02-03 20:30:21,864 - INFO - Осталось 4137 контейнерных площадок для рассчёта.
2025-02-03 20:30:22,249 - INFO - Осталось 4114 контейнерных площадок для рассчёта.
2025-02-03 20:30:22,681 - INFO - Осталось 4087 контейнерных площадок для рассчёта.
2025-02-03 20:30:23,124 - INFO - Осталось 4061 контейнерных площадок для рассчёта.
2025-02-03 20:30:23,576 - INFO - Осталось 4033 контейнерных площадок для рассчёта.
2025-02-03 20:30:23,958 - INFO - Осталось 4011 контейнерных площадок для рассчёта.
2025-02-03 20:30:24,342 - INFO - Осталось 3988 контейнерных площадок для рассчёта.
2025-02-03 20:30:24,707 - INFO - Осталось 3967 контейнерных площадок для рассчёта.
2025-02-03 20:30:25,099 - INFO - Осталось 3945 контейнерных площадок для рассчёта.
2025-02-03 20:30:25,491 - INFO - Осталось 3922 контейнерных площадок для рассчёта.
2025-02-03 20:30:25,996 - INFO - Осталось 3893 контейнерных площадок для рассчёта.
2025-02-03 20:30:26,417 - INFO - Осталось 3868 контейнерных площадок для рассчёта.
2025-02-03 20:30:26,815 - INFO - Осталось 3847 контейнерных площадок для рассчёта.
2025-02-03 20:30:27,232 - INFO - Осталось 3823 контейнерных площадок для рассчёта.
2025-02-03 20:30:27,729 - INFO - Осталось 3795 контейнерных площадок для рассчёта.
2025-02-03 20:30:28,167 - INFO - Осталось 3769 контейнерных площадок для рассчёта.
2025-02-03 20:30:28,619 - INFO - Осталось 3745 контейнерных площадок для рассчёта.
2025-02-03 20:30:29,056 - INFO - Осталось 3719 контейнерных площадок для рассчёта.
2025-02-03 20:30:29,531 - INFO - Осталось 3690 контейнерных площадок для рассчёта.
2025-02-03 20:30:30,015 - INFO - Осталось 3662 контейнерных площадок для рассчёта.
2025-02-03 20:30:30,519 - INFO - Осталось 3631 контейнерных площадок для рассчёта.
2025-02-03 20:30:31,043 - INFO - Осталось 3604 контейнерных площадок для рассчёта.
2025-02-03 20:30:31,560 - INFO - Осталось 3571 контейнерных площадок для рассчёта.
2025-02-03 20:30:31,967 - INFO - Осталось 3550 контейнерных площадок для рассчёта.
2025-02-03 20:30:32,447 - INFO - Осталось 3522 контейнерных площадок для рассчёта.
2025-02-03 20:30:32,912 - INFO - Осталось 3495 контейнерных площадок для рассчёта.
2025-02-03 20:30:33,410 - INFO - Осталось 3465 контейнерных площадок для рассчёта.
2025-02-03 20:30:33,869 - INFO - Осталось 3440 контейнерных площадок для рассчёта.
2025-02-03 20:30:34,274 - INFO - Осталось 3417 контейнерных площадок для рассчёта.
2025-02-03 20:30:34,660 - INFO - Осталось 3397 контейнерных площадок для рассчёта.
2025-02-03 20:30:34,966 - INFO - Осталось 3383 контейнерных площадок для рассчёта.
2025-02-03 20:30:35,447 - INFO - Осталось 3355 контейнерных площадок для рассчёта.
2025-02-03 20:30:35,800 - INFO - Осталось 3338 контейнерных площадок для рассчёта.
2025-02-03 20:30:36,252 - INFO - Осталось 3313 контейнерных площадок для рассчёта.
2025-02-03 20:30:36,712 - INFO - Осталось 3286 контейнерных площадок для рассчёта.
2025-02-03 20:30:37,205 - INFO - Осталось 3257 контейнерных площадок для рассчёта.
2025-02-03 20:30:37,694 - INFO - Осталось 3227 контейнерных площадок для рассчёта.
2025-02-03 20:30:38,072 - INFO - Осталось 3208 контейнерных площадок для рассчёта.
2025-02-03 20:30:38,428 - INFO - Осталось 3191 контейнерных площадок для рассчёта.
2025-02-03 20:30:38,853 - INFO - Осталось 3168 контейнерных площадок для рассчёта.
2025-02-03 20:30:39,384 - INFO - Осталось 3141 контейнерных площадок для рассчёта.
2025-02-03 20:30:39,861 - INFO - Осталось 3117 контейнерных площадок для рассчёта.
2025-02-03 20:30:40,263 - INFO - Осталось 3096 контейнерных площадок для рассчёта.
2025-02-03 20:30:40,700 - INFO - Осталось 3072 контейнерных площадок для рассчёта.
2025-02-03 20:30:41,110 - INFO - Осталось 3050 контейнерных площадок для рассчёта.
2025-02-03 20:30:41,537 - INFO - Осталось 3028 контейнерных площадок для рассчёта.
2025-02-03 20:30:41,960 - INFO - Осталось 3009 контейнерных площадок для рассчёта.
2025-02-03 20:30:42,399 - INFO - Осталось 2986 контейнерных площадок для рассчёта.
2025-02-03 20:30:42,882 - INFO - Осталось 2959 контейнерных площадок для рассчёта.
2025-02-03 20:30:43,278 - INFO - Осталось 2940 контейнерных площадок для рассчёта.
2025-02-03 20:30:43,667 - INFO - Осталось 2921 контейнерных площадок для рассчёта.
2025-02-03 20:30:44,131 - INFO - Осталось 2896 контейнерных площадок для рассчёта.
2025-02-03 20:30:44,608 - INFO - Осталось 2869 контейнерных площадок для рассчёта.
2025-02-03 20:30:45,038 - INFO - Осталось 2846 контейнерных площадок для рассчёта.
2025-02-03 20:30:45,504 - INFO - Осталось 2819 контейнерных площадок для рассчёта.
2025-02-03 20:30:46,045 - INFO - Осталось 2787 контейнерных площадок для рассчёта.
2025-02-03 20:30:46,577 - INFO - Осталось 2756 контейнерных площадок для рассчёта.
2025-02-03 20:30:47,175 - INFO - Осталось 2720 контейнерных площадок для рассчёта.
2025-02-03 20:30:47,732 - INFO - Осталось 2685 контейнерных площадок для рассчёта.
2025-02-03 20:30:48,219 - INFO - Осталось 2658 контейнерных площадок для рассчёта.
2025-02-03 20:30:48,867 - INFO - Осталось 2618 контейнерных площадок для рассчёта.
2025-02-03 20:30:49,785 - INFO - Осталось 2556 контейнерных площадок для рассчёта.
2025-02-03 20:30:50,567 - INFO - Осталось 2503 контейнерных площадок для рассчёта.
2025-02-03 20:30:52,876 - INFO - Осталось 2327 контейнерных площадок для рассчёта.
2025-02-03 20:30:53,919 - INFO - Осталось 2254 контейнерных площадок для рассчёта.
2025-02-03 20:30:55,008 - INFO - Осталось 2177 контейнерных площадок для рассчёта.
2025-02-03 20:30:56,192 - INFO - Осталось 2092 контейнерных площадок для рассчёта.
2025-02-03 20:30:57,372 - INFO - Осталось 2008 контейнерных площадок для рассчёта.
2025-02-03 20:30:58,183 - INFO - Осталось 1953 контейнерных площадок для рассчёта.
2025-02-03 20:30:58,629 - INFO - Осталось 1928 контейнерных площадок для рассчёта.
2025-02-03 20:30:59,270 - INFO - Осталось 1890 контейнерных площадок для рассчёта.
2025-02-03 20:30:59,777 - INFO - Осталось 1862 контейнерных площадок для рассчёта.
2025-02-03 20:31:00,218 - INFO - Осталось 1839 контейнерных площадок для рассчёта.
2025-02-03 20:31:00,628 - INFO - Осталось 1819 контейнерных площадок для рассчёта.
2025-02-03 20:31:01,049 - INFO - Осталось 1797 контейнерных площадок для рассчёта.
2025-02-03 20:31:01,389 - INFO - Осталось 1782 контейнерных площадок для рассчёта.
2025-02-03 20:31:01,895 - INFO - Осталось 1754 контейнерных площадок для рассчёта.
2025-02-03 20:31:02,290 - INFO - Осталось 1734 контейнерных площадок для рассчёта.
2025-02-03 20:31:02,656 - INFO - Осталось 1717 контейнерных площадок для рассчёта.
2025-02-03 20:31:03,072 - INFO - Осталось 1697 контейнерных площадок для рассчёта.
2025-02-03 20:31:03,551 - INFO - Осталось 1670 контейнерных площадок для рассчёта.
2025-02-03 20:31:04,104 - INFO - Осталось 1641 контейнерных площадок для рассчёта.
2025-02-03 20:31:04,539 - INFO - Осталось 1618 контейнерных площадок для рассчёта.
2025-02-03 20:31:04,985 - INFO - Осталось 1596 контейнерных площадок для рассчёта.
2025-02-03 20:31:05,369 - INFO - Осталось 1578 контейнерных площадок для рассчёта.
2025-02-03 20:31:05,992 - INFO - Осталось 1540 контейнерных площадок для рассчёта.
2025-02-03 20:31:06,474 - INFO - Осталось 1514 контейнерных площадок для рассчёта.
2025-02-03 20:31:06,912 - INFO - Осталось 1492 контейнерных площадок для рассчёта.
2025-02-03 20:31:07,350 - INFO - Осталось 1469 контейнерных площадок для рассчёта.
2025-02-03 20:31:08,060 - INFO - Осталось 1425 контейнерных площадок для рассчёта.
2025-02-03 20:31:08,641 - INFO - Осталось 1391 контейнерных площадок для рассчёта.
2025-02-03 20:31:09,088 - INFO - Осталось 1369 контейнерных площадок для рассчёта.
2025-02-03 20:31:09,678 - INFO - Осталось 1334 контейнерных площадок для рассчёта.
2025-02-03 20:31:10,337 - INFO - Осталось 1294 контейнерных площадок для рассчёта.
2025-02-03 20:31:10,944 - INFO - Осталось 1257 контейнерных площадок для рассчёта.
2025-02-03 20:31:11,471 - INFO - Осталось 1227 контейнерных площадок для рассчёта.
2025-02-03 20:31:12,073 - INFO - Осталось 1192 контейнерных площадок для рассчёта.
2025-02-03 20:31:12,712 - INFO - Осталось 1154 контейнерных площадок для рассчёта.
2025-02-03 20:31:13,165 - INFO - Осталось 1133 контейнерных площадок для рассчёта.
2025-02-03 20:31:13,783 - INFO - Осталось 1095 контейнерных площадок для рассчёта.
2025-02-03 20:31:14,480 - INFO - Осталось 1051 контейнерных площадок для рассчёта.
2025-02-03 20:31:15,276 - INFO - Осталось 1000 контейнерных площадок для рассчёта.
2025-02-03 20:31:15,943 - INFO - Осталось 963 контейнерных площадок для рассчёта.
2025-02-03 20:31:16,679 - INFO - Осталось 915 контейнерных площадок для рассчёта.
2025-02-03 20:31:17,404 - INFO - Осталось 869 контейнерных площадок для рассчёта.
2025-02-03 20:31:18,184 - INFO - Осталось 819 контейнерных площадок для рассчёта.
2025-02-03 20:31:18,848 - INFO - Осталось 777 контейнерных площадок для рассчёта.
2025-02-03 20:31:19,524 - INFO - Осталось 737 контейнерных площадок для рассчёта.
2025-02-03 20:31:20,189 - INFO - Осталось 698 контейнерных площадок для рассчёта.
2025-02-03 20:31:20,787 - INFO - Осталось 663 контейнерных площадок для рассчёта.
2025-02-03 20:31:21,428 - INFO - Осталось 627 контейнерных площадок для рассчёта.
2025-02-03 20:31:22,106 - INFO - Осталось 588 контейнерных площадок для рассчёта.
2025-02-03 20:31:22,309 - INFO - Осталось 587 контейнерных площадок для рассчёта.
2025-02-03 20:31:23,002 - INFO - Осталось 544 контейнерных площадок для рассчёта.
2025-02-03 20:31:23,458 - INFO - Осталось 522 контейнерных площадок для рассчёта.
2025-02-03 20:31:23,661 - INFO - Осталось 521 контейнерных площадок для рассчёта.
2025-02-03 20:31:24,365 - INFO - Осталось 478 контейнерных площадок для рассчёта.
2025-02-03 20:31:24,889 - INFO - Осталось 454 контейнерных площадок для рассчёта.
2025-02-03 20:31:25,398 - INFO - Осталось 426 контейнерных площадок для рассчёта.
2025-02-03 20:31:26,080 - INFO - Осталось 383 контейнерных площадок для рассчёта.
2025-02-03 20:31:26,657 - INFO - Осталось 349 контейнерных площадок для рассчёта.
2025-02-03 20:31:27,416 - INFO - Осталось 301 контейнерных площадок для рассчёта.
2025-02-03 20:31:28,111 - INFO - Осталось 258 контейнерных площадок для рассчёта.
2025-02-03 20:31:28,827 - INFO - Осталось 213 контейнерных площадок для рассчёта.
2025-02-03 20:31:30,056 - INFO - Осталось 125 контейнерных площадок для рассчёта.
2025-02-03 20:31:31,248 - INFO - Осталось 39 контейнерных площадок для рассчёта.
2025-02-03 20:31:31,839 - INFO - Расчёт для машины КАМАЗ 53605, МК-4546-06 в лоте 1 завершён.
2025-02-03 20:31:31,840 - INFO - Начинаем создавать маршруты для машины КАМАЗ 43255-3010-69, МК-4512-04 в лоте 1 
2025-02-03 20:31:31,847 - INFO - Осталось 240 контейнерных площадок для рассчёта.
2025-02-03 20:31:31,997 - INFO - Осталось 239 контейнерных площадок для рассчёта.
2025-02-03 20:31:32,180 - INFO - Осталось 238 контейнерных площадок для рассчёта.
2025-02-03 20:31:32,375 - INFO - Осталось 237 контейнерных площадок для рассчёта.
2025-02-03 20:31:32,526 - INFO - Осталось 236 контейнерных площадок для рассчёта.
2025-02-03 20:31:32,696 - INFO - Осталось 235 контейнерных площадок для рассчёта.
2025-02-03 20:31:32,852 - INFO - Осталось 234 контейнерных площадок для рассчёта.
2025-02-03 20:31:33,008 - INFO - Осталось 233 контейнерных площадок для рассчёта.
2025-02-03 20:31:33,163 - INFO - Осталось 232 контейнерных площадок для рассчёта.
2025-02-03 20:31:33,315 - INFO - Осталось 231 контейнерных площадок для рассчёта.
2025-02-03 20:31:33,469 - INFO - Осталось 230 контейнерных площадок для рассчёта.
2025-02-03 20:31:33,625 - INFO - Осталось 229 контейнерных площадок для рассчёта.
2025-02-03 20:31:33,782 - INFO - Осталось 228 контейнерных площадок для рассчёта.
2025-02-03 20:31:33,997 - INFO - Осталось 227 контейнерных площадок для рассчёта.
2025-02-03 20:31:34,209 - INFO - Осталось 226 контейнерных площадок для рассчёта.
2025-02-03 20:31:34,370 - INFO - Осталось 225 контейнерных площадок для рассчёта.
2025-02-03 20:31:34,532 - INFO - Осталось 224 контейнерных площадок для рассчёта.
2025-02-03 20:31:34,695 - INFO - Осталось 223 контейнерных площадок для рассчёта.
2025-02-03 20:31:34,852 - INFO - Осталось 222 контейнерных площадок для рассчёта.
2025-02-03 20:31:35,010 - INFO - Осталось 221 контейнерных площадок для рассчёта.
2025-02-03 20:31:35,171 - INFO - Осталось 220 контейнерных площадок для рассчёта.
2025-02-03 20:31:35,329 - INFO - Осталось 219 контейнерных площадок для рассчёта.
2025-02-03 20:31:35,491 - INFO - Осталось 218 контейнерных площадок для рассчёта.
2025-02-03 20:31:35,655 - INFO - Осталось 217 контейнерных площадок для рассчёта.
2025-02-03 20:31:35,881 - INFO - Осталось 216 контейнерных площадок для рассчёта.
2025-02-03 20:31:36,045 - INFO - Осталось 215 контейнерных площадок для рассчёта.
2025-02-03 20:31:36,208 - INFO - Осталось 214 контейнерных площадок для рассчёта.
2025-02-03 20:31:36,369 - INFO - Осталось 213 контейнерных площадок для рассчёта.
2025-02-03 20:31:36,531 - INFO - Осталось 212 контейнерных площадок для рассчёта.
2025-02-03 20:31:36,699 - INFO - Осталось 211 контейнерных площадок для рассчёта.
2025-02-03 20:31:36,868 - INFO - Осталось 210 контейнерных площадок для рассчёта.
2025-02-03 20:31:37,039 - INFO - Осталось 209 контейнерных площадок для рассчёта.
2025-02-03 20:31:37,208 - INFO - Осталось 208 контейнерных площадок для рассчёта.
2025-02-03 20:31:37,414 - INFO - Осталось 207 контейнерных площадок для рассчёта.
2025-02-03 20:31:37,583 - INFO - Осталось 206 контейнерных площадок для рассчёта.
2025-02-03 20:31:37,755 - INFO - Осталось 205 контейнерных площадок для рассчёта.
2025-02-03 20:31:37,922 - INFO - Осталось 204 контейнерных площадок для рассчёта.
2025-02-03 20:31:38,092 - INFO - Осталось 203 контейнерных площадок для рассчёта.
2025-02-03 20:31:38,259 - INFO - Осталось 202 контейнерных площадок для рассчёта.
2025-02-03 20:31:38,430 - INFO - Осталось 201 контейнерных площадок для рассчёта.
2025-02-03 20:31:38,614 - INFO - Осталось 200 контейнерных площадок для рассчёта.
2025-02-03 20:31:38,800 - INFO - Осталось 199 контейнерных площадок для рассчёта.
2025-02-03 20:31:39,025 - INFO - Осталось 198 контейнерных площадок для рассчёта.
2025-02-03 20:31:39,212 - INFO - Осталось 197 контейнерных площадок для рассчёта.
2025-02-03 20:31:39,383 - INFO - Осталось 196 контейнерных площадок для рассчёта.
2025-02-03 20:31:39,558 - INFO - Осталось 195 контейнерных площадок для рассчёта.
2025-02-03 20:31:39,733 - INFO - Осталось 194 контейнерных площадок для рассчёта.
2025-02-03 20:31:39,919 - INFO - Осталось 193 контейнерных площадок для рассчёта.
2025-02-03 20:31:40,098 - INFO - Осталось 192 контейнерных площадок для рассчёта.
2025-02-03 20:31:40,321 - INFO - Осталось 191 контейнерных площадок для рассчёта.
2025-02-03 20:31:40,493 - INFO - Осталось 190 контейнерных площадок для рассчёта.
2025-02-03 20:31:40,666 - INFO - Осталось 189 контейнерных площадок для рассчёта.
2025-02-03 20:31:40,842 - INFO - Осталось 188 контейнерных площадок для рассчёта.
2025-02-03 20:31:41,028 - INFO - Осталось 187 контейнерных площадок для рассчёта.
2025-02-03 20:31:41,211 - INFO - Осталось 186 контейнерных площадок для рассчёта.
2025-02-03 20:31:41,384 - INFO - Осталось 185 контейнерных площадок для рассчёта.
2025-02-03 20:31:41,557 - INFO - Осталось 184 контейнерных площадок для рассчёта.
2025-02-03 20:31:41,785 - INFO - Осталось 183 контейнерных площадок для рассчёта.
2025-02-03 20:31:41,961 - INFO - Осталось 182 контейнерных площадок для рассчёта.
2025-02-03 20:31:42,139 - INFO - Осталось 181 контейнерных площадок для рассчёта.
2025-02-03 20:31:42,324 - INFO - Осталось 180 контейнерных площадок для рассчёта.
2025-02-03 20:31:42,507 - INFO - Осталось 179 контейнерных площадок для рассчёта.
2025-02-03 20:31:42,688 - INFO - Осталось 178 контейнерных площадок для рассчёта.
2025-02-03 20:31:42,874 - INFO - Осталось 177 контейнерных площадок для рассчёта.
2025-02-03 20:31:43,060 - INFO - Осталось 176 контейнерных площадок для рассчёта.
2025-02-03 20:31:43,301 - INFO - Осталось 175 контейнерных площадок для рассчёта.
2025-02-03 20:31:43,478 - INFO - Осталось 174 контейнерных площадок для рассчёта.
2025-02-03 20:31:43,658 - INFO - Осталось 173 контейнерных площадок для рассчёта.
2025-02-03 20:31:43,852 - INFO - Осталось 172 контейнерных площадок для рассчёта.
2025-02-03 20:31:44,042 - INFO - Осталось 171 контейнерных площадок для рассчёта.
2025-02-03 20:31:44,277 - INFO - Осталось 170 контейнерных площадок для рассчёта.
2025-02-03 20:31:44,474 - INFO - Осталось 169 контейнерных площадок для рассчёта.
2025-02-03 20:31:44,658 - INFO - Осталось 168 контейнерных площадок для рассчёта.
2025-02-03 20:31:44,863 - INFO - Осталось 167 контейнерных площадок для рассчёта.
2025-02-03 20:31:45,045 - INFO - Осталось 166 контейнерных площадок для рассчёта.
2025-02-03 20:31:45,233 - INFO - Осталось 165 контейнерных площадок для рассчёта.
2025-02-03 20:31:45,458 - INFO - Осталось 164 контейнерных площадок для рассчёта.
2025-02-03 20:31:45,645 - INFO - Осталось 163 контейнерных площадок для рассчёта.
2025-02-03 20:31:45,836 - INFO - Осталось 162 контейнерных площадок для рассчёта.
2025-02-03 20:31:46,021 - INFO - Осталось 161 контейнерных площадок для рассчёта.
2025-02-03 20:31:46,207 - INFO - Осталось 160 контейнерных площадок для рассчёта.
2025-02-03 20:31:46,395 - INFO - Осталось 159 контейнерных площадок для рассчёта.
2025-02-03 20:31:46,586 - INFO - Осталось 158 контейнерных площадок для рассчёта.
2025-02-03 20:31:46,833 - INFO - Осталось 157 контейнерных площадок для рассчёта.
2025-02-03 20:31:47,023 - INFO - Осталось 156 контейнерных площадок для рассчёта.
2025-02-03 20:31:47,211 - INFO - Осталось 155 контейнерных площадок для рассчёта.
2025-02-03 20:31:47,414 - INFO - Осталось 154 контейнерных площадок для рассчёта.
2025-02-03 20:31:47,632 - INFO - Осталось 153 контейнерных площадок для рассчёта.
2025-02-03 20:31:47,895 - INFO - Осталось 152 контейнерных площадок для рассчёта.
2025-02-03 20:31:48,173 - INFO - Осталось 151 контейнерных площадок для рассчёта.
2025-02-03 20:31:48,370 - INFO - Осталось 150 контейнерных площадок для рассчёта.
2025-02-03 20:31:48,581 - INFO - Осталось 149 контейнерных площадок для рассчёта.
2025-02-03 20:31:48,792 - INFO - Осталось 148 контейнерных площадок для рассчёта.
2025-02-03 20:38:07,193 - INFO - Приложение запущено
2025-02-03 20:38:19,407 - INFO - Загружен файл: E:/Python/mag_delivery_py/реестр КП (тер схема).xlsx
2025-02-03 20:38:20,104 - INFO - Чтение файла: E:/Python/mag_delivery_py/реестр КП (тер схема).xlsx
2025-02-03 20:38:23,394 - ERROR - Ошибка обработки данных: [WinError 2] Не удается найти указанный файл: 'results/result.xlsx'
2025-02-03 20:38:23,394 - ERROR - Ошибка: [WinError 2] Не удается найти указанный файл: 'results/result.xlsx'
2025-02-03 20:38:29,392 - INFO - Чтение файла: E:/Python/mag_delivery_py/реестр КП (тер схема).xlsx
2025-02-03 20:38:32,509 - ERROR - Ошибка обработки данных: [WinError 2] Не удается найти указанный файл: 'results/result.xlsx'
2025-02-03 20:38:32,509 - ERROR - Ошибка: [WinError 2] Не удается найти указанный файл: 'results/result.xlsx'
2025-02-03 20:38:44,364 - INFO - Приложение запущено
2025-02-03 20:39:57,522 - INFO - Приложение запущено
2025-02-03 20:39:59,809 - INFO - Загружен файл: E:/Python/mag_delivery_py/реестр КП (тер схема).xlsx
2025-02-03 20:40:00,518 - INFO - Чтение файла: E:/Python/mag_delivery_py/реестр КП (тер схема).xlsx
2025-02-03 20:40:03,767 - INFO - Обработка данных
2025-02-03 20:40:03,768 - WARNING - Загружаем карту в радиусе 50 км от полигона. Это длительный процесс, не выключайте программу.
2025-02-03 20:40:04,025 - INFO - Начинаем создавать маршруты для машины КАМАЗ 53605, МК-4546-06 в лоте 1 
2025-02-03 20:40:04,035 - INFO - Осталось 4823 контейнерных площадок для рассчёта.
2025-02-03 20:40:04,959 - INFO - Осталось 4757 контейнерных площадок для рассчёта.
2025-02-03 20:40:05,908 - INFO - Осталось 4691 контейнерных площадок для рассчёта.
2025-02-03 20:40:07,300 - INFO - Осталось 4585 контейнерных площадок для рассчёта.
2025-02-03 20:40:07,690 - INFO - Осталось 4561 контейнерных площадок для рассчёта.
2025-02-03 20:40:08,115 - INFO - Осталось 4536 контейнерных площадок для рассчёта.
2025-02-03 20:40:08,510 - INFO - Осталось 4512 контейнерных площадок для рассчёта.
2025-02-03 20:40:08,888 - INFO - Осталось 4490 контейнерных площадок для рассчёта.
2025-02-03 20:40:09,281 - INFO - Осталось 4467 контейнерных площадок для рассчёта.
2025-02-03 20:40:09,684 - INFO - Осталось 4442 контейнерных площадок для рассчёта.
2025-02-03 20:40:10,240 - INFO - Осталось 4406 контейнерных площадок для рассчёта.
2025-02-03 20:40:10,931 - INFO - Осталось 4357 контейнерных площадок для рассчёта.
2025-02-03 20:40:11,458 - INFO - Осталось 4322 контейнерных площадок для рассчёта.
2025-02-03 20:40:11,978 - INFO - Осталось 4288 контейнерных площадок для рассчёта.
2025-02-03 20:40:12,310 - INFO - Осталось 4269 контейнерных площадок для рассчёта.
2025-02-03 20:40:12,671 - INFO - Осталось 4248 контейнерных площадок для рассчёта.
2025-02-03 20:40:13,061 - INFO - Осталось 4226 контейнерных площадок для рассчёта.
2025-02-03 20:40:13,479 - INFO - Осталось 4200 контейнерных площадок для рассчёта.
2025-02-03 20:40:13,879 - INFO - Осталось 4176 контейнерных площадок для рассчёта.
2025-02-03 20:40:14,297 - INFO - Осталось 4151 контейнерных площадок для рассчёта.
2025-02-03 20:40:14,691 - INFO - Осталось 4128 контейнерных площадок для рассчёта.
2025-02-03 20:40:15,096 - INFO - Осталось 4104 контейнерных площадок для рассчёта.
2025-02-03 20:40:15,501 - INFO - Осталось 4080 контейнерных площадок для рассчёта.
2025-02-03 20:40:15,998 - INFO - Осталось 4049 контейнерных площадок для рассчёта.
2025-02-03 20:40:16,379 - INFO - Осталось 4027 контейнерных площадок для рассчёта.
2025-02-03 20:40:16,830 - INFO - Осталось 4000 контейнерных площадок для рассчёта.
2025-02-03 20:40:17,200 - INFO - Осталось 3981 контейнерных площадок для рассчёта.
2025-02-03 20:40:17,628 - INFO - Осталось 3956 контейнерных площадок для рассчёта.
2025-02-03 20:40:18,000 - INFO - Осталось 3938 контейнерных площадок для рассчёта.
2025-02-03 20:40:18,518 - INFO - Осталось 3911 контейнерных площадок для рассчёта.
2025-02-03 20:40:19,016 - INFO - Осталось 3881 контейнерных площадок для рассчёта.
2025-02-03 20:40:19,401 - INFO - Осталось 3860 контейнерных площадок для рассчёта.
2025-02-03 20:40:19,809 - INFO - Осталось 3837 контейнерных площадок для рассчёта.
2025-02-03 20:40:20,253 - INFO - Осталось 3811 контейнерных площадок для рассчёта.
2025-02-03 20:40:20,676 - INFO - Осталось 3786 контейнерных площадок для рассчёта.
2025-02-03 20:40:21,151 - INFO - Осталось 3758 контейнерных площадок для рассчёта.
2025-02-03 20:40:21,637 - INFO - Осталось 3732 контейнерных площадок для рассчёта.
2025-02-03 20:40:22,116 - INFO - Осталось 3704 контейнерных площадок для рассчёта.
2025-02-03 20:40:22,551 - INFO - Осталось 3680 контейнерных площадок для рассчёта.
2025-02-03 20:40:23,033 - INFO - Осталось 3651 контейнерных площадок для рассчёта.
2025-02-03 20:40:23,615 - INFO - Осталось 3616 контейнерных площадок для рассчёта.
2025-02-03 20:40:24,125 - INFO - Осталось 3587 контейнерных площадок для рассчёта.
2025-02-03 20:40:24,576 - INFO - Осталось 3562 контейнерных площадок для рассчёта.
2025-02-03 20:40:24,970 - INFO - Осталось 3542 контейнерных площадок для рассчёта.
2025-02-03 20:40:25,538 - INFO - Осталось 3506 контейнерных площадок для рассчёта.
2025-02-03 20:40:25,984 - INFO - Осталось 3482 контейнерных площадок для рассчёта.
2025-02-03 20:40:26,475 - INFO - Осталось 3453 контейнерных площадок для рассчёта.
2025-02-03 20:40:26,901 - INFO - Осталось 3431 контейнерных площадок для рассчёта.
2025-02-03 20:40:27,337 - INFO - Осталось 3408 контейнерных площадок для рассчёта.
2025-02-03 20:40:27,690 - INFO - Осталось 3390 контейнерных площадок для рассчёта.
2025-02-03 20:40:28,035 - INFO - Осталось 3373 контейнерных площадок для рассчёта.
2025-02-03 20:40:28,502 - INFO - Осталось 3347 контейнерных площадок для рассчёта.
2025-02-03 20:40:28,889 - INFO - Осталось 3329 контейнерных площадок для рассчёта.
2025-02-03 20:40:29,348 - INFO - Осталось 3304 контейнерных площадок для рассчёта.
2025-02-03 20:40:29,858 - INFO - Осталось 3275 контейнерных площадок для рассчёта.
2025-02-03 20:40:30,366 - INFO - Осталось 3246 контейнерных площадок для рассчёта.
2025-02-03 20:40:30,830 - INFO - Осталось 3219 контейнерных площадок для рассчёта.
2025-02-03 20:40:31,143 - INFO - Осталось 3204 контейнерных площадок для рассчёта.
2025-02-03 20:40:31,535 - INFO - Осталось 3182 контейнерных площадок для рассчёта.
2025-02-03 20:40:31,960 - INFO - Осталось 3159 контейнерных площадок для рассчёта.
2025-02-03 20:40:32,425 - INFO - Осталось 3131 контейнерных площадок для рассчёта.
2025-02-03 20:40:32,807 - INFO - Осталось 3111 контейнерных площадок для рассчёта.
2025-02-03 20:40:33,242 - INFO - Осталось 3087 контейнерных площадок для рассчёта.
2025-02-03 20:40:33,668 - INFO - Осталось 3064 контейнерных площадок для рассчёта.
2025-02-03 20:40:34,041 - INFO - Осталось 3045 контейнерных площадок для рассчёта.
2025-02-03 20:40:34,461 - INFO - Осталось 3022 контейнерных площадок для рассчёта.
2025-02-03 20:40:35,011 - INFO - Осталось 3000 контейнерных площадок для рассчёта.
2025-02-03 20:40:35,511 - INFO - Осталось 2973 контейнерных площадок для рассчёта.
2025-02-03 20:40:35,954 - INFO - Осталось 2952 контейнерных площадок для рассчёта.
2025-02-03 20:42:05,410 - INFO - Приложение запущено
2025-02-03 20:42:07,851 - INFO - Загружен файл: E:/Python/mag_delivery_py/реестр КП (тер схема).xlsx
2025-02-03 20:42:08,595 - INFO - Чтение файла: E:/Python/mag_delivery_py/реестр КП (тер схема).xlsx
2025-02-03 20:42:11,888 - INFO - Обработка данных
2025-02-03 20:42:11,889 - WARNING - Загружаем карту в радиусе 50 км от полигона. Это длительный процесс, не выключайте программу.
2025-02-03 20:42:19,869 - INFO - Начинаем создавать маршруты для машины КАМАЗ 53605, МК-4546-06 в лоте 1 
2025-02-03 20:42:19,878 - INFO - Осталось 4823 контейнерных площадок для рассчёта.
2025-02-03 20:42:22,640 - INFO - Осталось 4790 контейнерных площадок для рассчёта.
2025-02-03 20:42:24,974 - INFO - Осталось 4762 контейнерных площадок для рассчёта.
2025-02-03 20:42:27,390 - INFO - Осталось 4733 контейнерных площадок для рассчёта.
2025-02-03 20:42:29,739 - INFO - Осталось 4704 контейнерных площадок для рассчёта.
2025-02-03 20:42:32,289 - INFO - Осталось 4674 контейнерных площадок для рассчёта.
2025-02-03 20:42:35,741 - INFO - Осталось 4638 контейнерных площадок для рассчёта.
2025-02-03 20:42:37,720 - INFO - Осталось 4619 контейнерных площадок для рассчёта.
2025-02-03 20:42:41,282 - INFO - Осталось 4576 контейнерных площадок для рассчёта.
2025-02-03 20:42:43,143 - INFO - Осталось 4555 контейнерных площадок для рассчёта.
2025-02-03 20:42:45,704 - INFO - Осталось 4525 контейнерных площадок для рассчёта.
2025-02-03 20:49:43,792 - INFO - Приложение запущено
2025-02-03 20:53:39,901 - INFO - Приложение запущено
2025-02-03 20:55:23,694 - INFO - Приложение запущено
2025-02-03 20:55:28,647 - ERROR - Файл не выбран!
2025-02-03 20:55:32,374 - INFO - Загружен файл: E:/Python/mag_delivery_py/реестр КП (тер схема).xlsx
2025-02-03 20:55:33,064 - INFO - Чтение файла: E:/Python/mag_delivery_py/реестр КП (тер схема).xlsx
2025-02-03 20:55:36,513 - INFO - Обработка данных
2025-02-03 20:55:36,515 - WARNING - Загружаем карту в радиусе 50 км от полигона. Это длительный процесс, не выключайте программу.
2025-02-03 20:55:42,357 - INFO - Начинаем создавать маршруты для машины КАМАЗ 53605, МК-4546-06 в лоте 1 
2025-02-03 20:55:42,367 - INFO - Осталось 4823 контейнерных площадок для рассчёта.
2025-02-03 20:56:09,657 - INFO - Приложение запущено
2025-02-03 20:56:14,092 - INFO - Загружен файл: E:/Python/mag_delivery_py/реестр КП (тер схема).xlsx
2025-02-03 20:56:14,732 - INFO - Чтение файла: E:/Python/mag_delivery_py/реестр КП (тер схема).xlsx
2025-02-03 20:56:18,226 - INFO - Обработка данных
2025-02-03 20:56:18,227 - WARNING - Загружаем карту в радиусе 50 км от полигона. Это длительный процесс, не выключайте программу.
2025-02-03 20:56:23,840 - INFO - Начинаем создавать маршруты для машины КАМАЗ 53605, МК-4546-06 в лоте 1 
2025-02-03 20:56:23,852 - INFO - Осталось 4823 контейнерных площадок для рассчёта.
2025-02-03 20:56:24,473 - INFO - Осталось 4822 контейнерных площадок для рассчёта.
2025-02-03 20:56:25,053 - INFO - Осталось 4820 контейнерных площадок для рассчёта.
2025-02-03 20:56:25,953 - INFO - Осталось 4815 контейнерных площадок для рассчёта.
2025-02-03 20:56:26,677 - INFO - Осталось 4812 контейнерных площадок для рассчёта.
2025-02-03 20:56:27,279 - INFO - Осталось 4810 контейнерных площадок для рассчёта.
2025-02-03 20:56:28,078 - INFO - Осталось 4805 контейнерных площадок для рассчёта.
2025-02-03 20:56:28,640 - INFO - Осталось 4802 контейнерных площадок для рассчёта.
2025-02-03 20:56:29,671 - INFO - Осталось 4794 контейнерных площадок для рассчёта.
2025-02-03 20:56:30,392 - INFO - Осталось 4791 контейнерных площадок для рассчёта.
2025-02-03 20:56:31,021 - INFO - Осталось 4789 контейнерных площадок для рассчёта.
2025-02-03 20:56:31,599 - INFO - Осталось 4786 контейнерных площадок для рассчёта.
2025-02-03 20:56:32,259 - INFO - Осталось 4783 контейнерных площадок для рассчёта.
2025-02-03 20:56:32,801 - INFO - Осталось 4781 контейнерных площадок для рассчёта.
2025-02-03 20:56:33,414 - INFO - Осталось 4778 контейнерных площадок для рассчёта.
2025-02-03 20:56:34,239 - INFO - Осталось 4773 контейнерных площадок для рассчёта.
2025-02-03 20:56:34,936 - INFO - Осталось 4769 контейнерных площадок для рассчёта.
2025-02-03 20:56:35,814 - INFO - Осталось 4762 контейнерных площадок для рассчёта.
2025-02-03 20:56:36,442 - INFO - Осталось 4759 контейнерных площадок для рассчёта.
2025-02-03 20:56:37,102 - INFO - Осталось 4757 контейнерных площадок для рассчёта.
2025-02-03 20:56:37,710 - INFO - Осталось 4754 контейнерных площадок для рассчёта.
2025-02-03 20:56:38,635 - INFO - Осталось 4748 контейнерных площадок для рассчёта.
2025-02-03 20:56:39,202 - INFO - Осталось 4745 контейнерных площадок для рассчёта.
2025-02-03 20:56:40,014 - INFO - Осталось 4740 контейнерных площадок для рассчёта.
2025-02-03 20:56:40,651 - INFO - Осталось 4737 контейнерных площадок для рассчёта.
2025-02-03 20:56:41,139 - INFO - Осталось 4735 контейнерных площадок для рассчёта.
2025-02-03 20:56:42,046 - INFO - Осталось 4729 контейнерных площадок для рассчёта.
2025-02-03 20:56:42,680 - INFO - Осталось 4726 контейнерных площадок для рассчёта.
2025-02-03 20:56:43,426 - INFO - Осталось 4721 контейнерных площадок для рассчёта.
2025-02-03 20:56:43,968 - INFO - Осталось 4719 контейнерных площадок для рассчёта.
2025-02-03 20:56:44,976 - INFO - Осталось 4711 контейнерных площадок для рассчёта.
2025-02-03 20:56:45,522 - INFO - Осталось 4709 контейнерных площадок для рассчёта.
2025-02-03 20:56:46,158 - INFO - Осталось 4708 контейнерных площадок для рассчёта.
2025-02-03 20:56:47,047 - INFO - Осталось 4701 контейнерных площадок для рассчёта.
2025-02-03 20:56:47,681 - INFO - Осталось 4699 контейнерных площадок для рассчёта.
2025-02-03 20:56:48,343 - INFO - Осталось 4696 контейнерных площадок для рассчёта.
2025-02-03 20:56:49,184 - INFO - Осталось 4690 контейнерных площадок для рассчёта.
2025-02-03 20:58:10,154 - INFO - Приложение запущено
2025-02-03 20:58:14,903 - ERROR - Файл не выбран!
2025-02-03 20:58:19,636 - INFO - Загружен файл: E:/Python/mag_delivery_py/реестр КП (тер схема).xlsx
2025-02-03 20:58:20,383 - INFO - Чтение файла: E:/Python/mag_delivery_py/реестр КП (тер схема).xlsx
2025-02-03 20:58:23,739 - INFO - Обработка данных
2025-02-03 20:58:23,741 - WARNING - Загружаем карту в радиусе 50 км от полигона. Это длительный процесс, не выключайте программу.
2025-02-03 20:58:23,997 - INFO - Начинаем создавать маршруты для машины КАМАЗ 53605, МК-4546-06 в лоте 1 
2025-02-03 20:58:24,005 - INFO - Осталось 4823 контейнерных площадок для рассчёта.
2025-02-03 20:58:24,794 - INFO - Осталось 4769 контейнерных площадок для рассчёта.
2025-02-03 20:58:25,415 - INFO - Осталось 4728 контейнерных площадок для рассчёта.
2025-02-03 20:58:25,960 - INFO - Осталось 4691 контейнерных площадок для рассчёта.
2025-02-03 20:58:27,093 - INFO - Осталось 4605 контейнерных площадок для рассчёта.
2025-02-03 20:58:27,540 - INFO - Осталось 4576 контейнерных площадок для рассчёта.
2025-02-03 20:58:27,916 - INFO - Осталось 4555 контейнерных площадок для рассчёта.
2025-02-03 20:58:28,398 - INFO - Осталось 4524 контейнерных площадок для рассчёта.
2025-02-03 20:58:28,730 - INFO - Осталось 4505 контейнерных площадок для рассчёта.
2025-02-03 20:58:29,126 - INFO - Осталось 4481 контейнерных площадок для рассчёта.
2025-02-03 20:58:29,506 - INFO - Осталось 4458 контейнерных площадок для рассчёта.
2025-02-03 20:58:29,934 - INFO - Осталось 4432 контейнерных площадок для рассчёта.
2025-02-03 20:58:30,457 - INFO - Осталось 4397 контейнерных площадок для рассчёта.
2025-02-03 20:58:31,164 - INFO - Осталось 4348 контейнерных площадок для рассчёта.
2025-02-03 20:58:31,761 - INFO - Осталось 4308 контейнерных площадок для рассчёта.
2025-02-03 20:58:32,239 - INFO - Осталось 4281 контейнерных площадок для рассчёта.
2025-02-03 20:58:32,564 - INFO - Осталось 4265 контейнерных площадок для рассчёта.
2025-02-03 20:58:32,961 - INFO - Осталось 4242 контейнерных площадок для рассчёта.
2025-02-03 20:58:33,381 - INFO - Осталось 4216 контейнерных площадок для рассчёта.
2025-02-03 20:58:33,783 - INFO - Осталось 4192 контейнерных площадок для рассчёта.
2025-02-03 20:58:34,168 - INFO - Осталось 4170 контейнерных площадок для рассчёта.
2025-02-03 20:58:34,590 - INFO - Осталось 4145 контейнерных площадок для рассчёта.
2025-02-03 20:58:35,043 - INFO - Осталось 4118 контейнерных площадок для рассчёта.
2025-02-03 20:58:35,460 - INFO - Осталось 4094 контейнерных площадок для рассчёта.
2025-02-03 20:58:35,861 - INFO - Осталось 4071 контейнерных площадок для рассчёта.
2025-02-03 20:58:36,370 - INFO - Осталось 4041 контейнерных площадок для рассчёта.
2025-02-03 20:58:36,796 - INFO - Осталось 4019 контейнерных площадок для рассчёта.
2025-02-03 20:58:37,256 - INFO - Осталось 3994 контейнерных площадок для рассчёта.
2025-02-03 20:58:37,610 - INFO - Осталось 3975 контейнерных площадок для рассчёта.
2025-02-03 21:00:12,444 - INFO - Приложение запущено
2025-02-03 21:00:18,273 - ERROR - Файл не выбран!
2025-02-03 21:00:21,323 - INFO - Загружен файл: E:/Python/mag_delivery_py/реестр КП (тер схема).xlsx
2025-02-03 21:00:22,195 - INFO - Чтение файла: E:/Python/mag_delivery_py/реестр КП (тер схема).xlsx
2025-02-03 21:00:25,484 - INFO - Обработка данных
2025-02-03 21:00:25,486 - WARNING - Загружаем карту в радиусе 50 км от полигона. Это длительный процесс, не выключайте программу.
2025-02-03 21:00:50,595 - INFO - Начинаем создавать маршруты для машины КАМАЗ 53605, МК-4546-06 в лоте 1 
2025-02-03 21:00:50,605 - INFO - Осталось 4823 контейнерных площадок для рассчёта.
2025-02-03 21:01:07,239 - INFO - Осталось 4787 контейнерных площадок для рассчёта.
2025-02-03 21:01:19,835 - INFO - Осталось 4761 контейнерных площадок для рассчёта.
2025-02-03 21:01:33,621 - INFO - Осталось 4733 контейнерных площадок для рассчёта.
2025-02-03 21:01:47,422 - INFO - Осталось 4705 контейнерных площадок для рассчёта.
2025-02-03 21:01:59,115 - INFO - Осталось 4681 контейнерных площадок для рассчёта.
2025-02-03 21:02:18,003 - INFO - Осталось 4644 контейнерных площадок для рассчёта.
2025-02-03 21:02:28,739 - INFO - Осталось 4624 контейнерных площадок для рассчёта.
2025-02-03 21:02:35,855 - INFO - Осталось 4613 контейнерных площадок для рассчёта.
2025-02-03 21:02:52,974 - INFO - Осталось 4577 контейнерных площадок для рассчёта.
2025-02-03 21:16:02,870 - INFO - Приложение запущено
2025-02-03 21:16:07,042 - INFO - Загружен файл: E:/Python/mag_delivery_py/реестр КП (тер схема)_small.xlsx
2025-02-03 21:16:07,954 - INFO - Чтение файла: E:/Python/mag_delivery_py/реестр КП (тер схема)_small.xlsx
2025-02-03 21:16:10,172 - INFO - Обработка данных
2025-02-03 21:16:10,173 - WARNING - Загружаем карту в радиусе 50 км от полигона. Это длительный процесс, не выключайте программу.
2025-02-03 21:16:15,834 - INFO - Начинаем создавать маршруты для машины КАМАЗ 53605, МК-4546-06 в лоте 1 
2025-02-03 21:16:15,837 - INFO - Осталось 9 контейнерных площадок для рассчёта.
2025-02-03 21:16:16,624 - INFO - Расчёт для машины КАМАЗ 53605, МК-4546-06 в лоте 1 завершён.
2025-02-03 21:16:16,625 - INFO - Начинаем создавать маршруты для машины КАМАЗ 43255-3010-69, МК-4512-04 в лоте 1 
2025-02-03 21:16:16,627 - INFO - Расчёт для машины КАМАЗ 43255-3010-69, МК-4512-04 в лоте 1 завершён.
2025-02-03 21:16:16,627 - INFO - Начинаем создавать маршруты для машины Бункеровоз в лоте 1 
2025-02-03 21:16:16,629 - INFO - Расчёт для машины Бункеровоз в лоте 1 завершён.
2025-02-03 21:16:16,629 - INFO - Начинаем создавать маршруты для машины КАМАЗ 43255-6010-69 (самосвал) в лоте 1 
2025-02-03 21:16:16,631 - INFO - Расчёт для машины КАМАЗ 43255-6010-69 (самосвал) в лоте 1 завершён.
2025-02-03 21:16:16,632 - WARNING - Расчёт всех марщрутов завершён!
