2025-02-04 11:26:57,792 - INFO - Приложение запущено
2025-02-04 11:27:06,389 - INFO - Загружен файл: E:/Python/mag_delivery_py/реестр КП (тер схема)_small.xlsx
2025-02-04 11:27:10,931 - INFO - Чтение файла: E:/Python/mag_delivery_py/реестр КП (тер схема)_small.xlsx
2025-02-04 11:27:13,675 - INFO - Обработка данных
2025-02-04 11:27:13,722 - WARNING - Загружаем карту в радиусе 50 км от полигона. Это длительный процесс, не выключайте программу.
2025-02-04 11:27:20,355 - INFO - Начинаем создавать маршруты для машины КАМАЗ 53605, МК-4546-06 в лоте 1 
2025-02-04 11:27:20,394 - INFO - Осталось 9 контейнерных площадок для рассчёта.
2025-02-04 11:27:21,391 - INFO - Расчёт для машины КАМАЗ 53605, МК-4546-06 в лоте 1 завершён.
2025-02-04 11:27:21,392 - INFO - Начинаем создавать маршруты для машины КАМАЗ 43255-3010-69, МК-4512-04 в лоте 1 
2025-02-04 11:27:21,394 - INFO - Расчёт для машины КАМАЗ 43255-3010-69, МК-4512-04 в лоте 1 завершён.
2025-02-04 11:27:21,394 - INFO - Начинаем создавать маршруты для машины Бункеровоз в лоте 1 
2025-02-04 11:27:21,396 - INFO - Расчёт для машины Бункеровоз в лоте 1 завершён.
2025-02-04 11:27:21,396 - INFO - Начинаем создавать маршруты для машины КАМАЗ 43255-6010-69 (самосвал) в лоте 1 
2025-02-04 11:27:21,398 - INFO - Расчёт для машины КАМАЗ 43255-6010-69 (самосвал) в лоте 1 завершён.
2025-02-04 11:27:21,398 - WARNING - Расчёт всех марщрутов завершён!
2025-02-04 11:28:35,531 - INFO - Приложение запущено
2025-02-04 11:29:15,108 - ERROR - Файл не выбран!
2025-02-04 11:29:19,201 - INFO - Загружен файл: E:/Python/mag_delivery_py/реестр КП (тер схема)_small.xlsx
2025-02-04 11:29:20,091 - INFO - Чтение файла: E:/Python/mag_delivery_py/реестр КП (тер схема)_small.xlsx
2025-02-04 11:29:22,429 - INFO - Обработка данных
2025-02-04 11:29:22,430 - WARNING - Загружаем карту в радиусе 20.0 км от полигона. Это длительный процесс, не выключайте программу.
2025-02-04 11:29:28,371 - INFO - Начинаем создавать маршруты для машины КАМАЗ 53605, МК-4546-06 в лоте 1 
2025-02-04 11:29:28,374 - INFO - Осталось 9 контейнерных площадок для рассчёта.
2025-02-04 11:29:29,244 - INFO - Расчёт для машины КАМАЗ 53605, МК-4546-06 в лоте 1 завершён.
2025-02-04 11:29:29,245 - INFO - Начинаем создавать маршруты для машины КАМАЗ 43255-3010-69, МК-4512-04 в лоте 1 
2025-02-04 11:29:29,247 - INFO - Расчёт для машины КАМАЗ 43255-3010-69, МК-4512-04 в лоте 1 завершён.
2025-02-04 11:29:29,247 - INFO - Начинаем создавать маршруты для машины Бункеровоз в лоте 1 
2025-02-04 11:29:29,250 - INFO - Расчёт для машины Бункеровоз в лоте 1 завершён.
2025-02-04 11:29:29,250 - INFO - Начинаем создавать маршруты для машины КАМАЗ 43255-6010-69 (самосвал) в лоте 1 
2025-02-04 11:29:29,252 - INFO - Расчёт для машины КАМАЗ 43255-6010-69 (самосвал) в лоте 1 завершён.
2025-02-04 11:29:29,252 - WARNING - Расчёт всех марщрутов завершён!
2025-02-04 11:42:37,224 - INFO - Приложение запущено
2025-02-04 11:42:41,751 - INFO - Загружен файл: E:/Python/mag_delivery_py/реестр КП (тер схема)_small.xlsx
2025-02-04 11:42:42,816 - INFO - Чтение файла: E:/Python/mag_delivery_py/реестр КП (тер схема)_small.xlsx
2025-02-04 11:42:45,088 - INFO - Обработка данных
2025-02-04 11:42:45,089 - WARNING - Загружаем карту в радиусе 20.0 км от полигона. Это длительный процесс, не выключайте программу.
2025-02-04 11:42:50,929 - INFO - Начинаем создавать маршруты для машины КАМАЗ 53605, МК-4546-06 в лоте 1 
2025-02-04 11:42:50,931 - INFO - Осталось 9 контейнерных площадок для рассчёта.
2025-02-04 11:42:51,733 - INFO - Расчёт для машины КАМАЗ 53605, МК-4546-06 в лоте 1 завершён.
2025-02-04 11:42:51,733 - INFO - Начинаем создавать маршруты для машины КАМАЗ 43255-3010-69, МК-4512-04 в лоте 1 
2025-02-04 11:42:51,735 - INFO - Расчёт для машины КАМАЗ 43255-3010-69, МК-4512-04 в лоте 1 завершён.
2025-02-04 11:42:51,735 - INFO - Начинаем создавать маршруты для машины Бункеровоз в лоте 1 
2025-02-04 11:42:51,737 - INFO - Расчёт для машины Бункеровоз в лоте 1 завершён.
2025-02-04 11:42:51,737 - INFO - Начинаем создавать маршруты для машины КАМАЗ 43255-6010-69 (самосвал) в лоте 1 
2025-02-04 11:42:51,738 - INFO - Расчёт для машины КАМАЗ 43255-6010-69 (самосвал) в лоте 1 завершён.
2025-02-04 11:42:51,739 - WARNING - Расчёт всех марщрутов завершён!
2025-02-04 11:52:36,287 - INFO - Приложение запущено
2025-02-04 11:52:41,247 - INFO - Загружен файл: E:/Python/mag_delivery_py/реестр КП (тер схема)_small.xlsx
2025-02-04 11:52:42,016 - INFO - Чтение файла: E:/Python/mag_delivery_py/реестр КП (тер схема)_small.xlsx
2025-02-04 11:52:42,019 - ERROR - Ошибка: Missing optional dependency 'openpyxl'.  Use pip or conda to install openpyxl.
2025-02-04 11:53:37,408 - INFO - Приложение запущено
2025-02-04 11:53:41,214 - INFO - Загружен файл: E:/Python/mag_delivery_py/реестр КП (тер схема)_small.xlsx
2025-02-04 11:53:41,947 - INFO - Чтение файла: E:/Python/mag_delivery_py/реестр КП (тер схема)_small.xlsx
2025-02-04 11:53:43,768 - INFO - Обработка данных
2025-02-04 11:53:43,770 - WARNING - Загружаем карту в радиусе 20.0 км от полигона. Это длительный процесс, не выключайте программу.
2025-02-04 11:53:49,199 - INFO - Начинаем создавать маршруты для машины КАМАЗ 53605, МК-4546-06 в лоте 1 
2025-02-04 11:53:49,201 - INFO - Осталось 9 контейнерных площадок для рассчёта.
2025-02-04 11:54:43,411 - INFO - Приложение запущено
2025-02-04 11:54:50,738 - INFO - Загружен файл: E:/Python/mag_delivery_py/реестр КП (тер схема)_small.xlsx
2025-02-04 11:54:51,433 - INFO - Чтение файла: E:/Python/mag_delivery_py/реестр КП (тер схема)_small.xlsx
2025-02-04 11:54:53,278 - INFO - Обработка данных
2025-02-04 11:54:53,279 - WARNING - Загружаем карту в радиусе 20.0 км от полигона. Это длительный процесс, не выключайте программу.
2025-02-04 11:54:58,735 - INFO - Начинаем создавать маршруты для машины КАМАЗ 53605, МК-4546-06 в лоте 1 
2025-02-04 11:54:58,739 - INFO - Осталось 9 контейнерных площадок для рассчёта.
2025-02-04 11:54:59,535 - INFO - Расчёт для машины КАМАЗ 53605, МК-4546-06 в лоте 1 завершён.
2025-02-04 11:54:59,536 - INFO - Начинаем создавать маршруты для машины КАМАЗ 43255-3010-69, МК-4512-04 в лоте 1 
2025-02-04 11:54:59,538 - INFO - Расчёт для машины КАМАЗ 43255-3010-69, МК-4512-04 в лоте 1 завершён.
2025-02-04 11:54:59,538 - INFO - Начинаем создавать маршруты для машины Бункеровоз в лоте 1 
2025-02-04 11:54:59,540 - INFO - Расчёт для машины Бункеровоз в лоте 1 завершён.
2025-02-04 11:54:59,540 - INFO - Начинаем создавать маршруты для машины КАМАЗ 43255-6010-69 (самосвал) в лоте 1 
2025-02-04 11:54:59,542 - INFO - Расчёт для машины КАМАЗ 43255-6010-69 (самосвал) в лоте 1 завершён.
2025-02-04 11:54:59,543 - WARNING - Расчёт всех марщрутов завершён!
2025-02-04 12:59:44,174 - INFO - Приложение запущено
2025-02-04 13:08:12,292 - INFO - РџСЂРёР»РѕР¶РµРЅРёРµ Р·Р°РїСѓС‰РµРЅРѕ
2025-02-04 13:08:18,652 - INFO - Р—Р°РіСЂСѓР¶РµРЅ С„Р°Р№Р»: /Users/k.belov/Programming/python/mag_delivery_py/СЂРµРµСЃС‚СЂ РљРџ (С‚РµСЂ СЃС…РµРјР°)_small.xlsx
2025-02-04 13:08:20,086 - INFO - Р§С‚РµРЅРёРµ С„Р°Р№Р»Р°: /Users/k.belov/Programming/python/mag_delivery_py/СЂРµРµСЃС‚СЂ РљРџ (С‚РµСЂ СЃС…РµРјР°)_small.xlsx
2025-02-04 13:08:20,683 - INFO - РћР±СЂР°Р±РѕС‚РєР° РґР°РЅРЅС‹С…
2025-02-04 13:08:20,684 - WARNING - Р—Р°РіСЂСѓР¶Р°РµРј РєР°СЂС‚Сѓ РІ СЂР°РґРёСѓСЃРµ 20.0 РєРј РѕС‚ РїРѕР»РёРіРѕРЅР°. Р­С‚Рѕ РґР»РёС‚РµР»СЊРЅС‹Р№ РїСЂРѕС†РµСЃСЃ, РЅРµ РІС‹РєР»СЋС‡Р°Р№С‚Рµ РїСЂРѕРіСЂР°РјРјСѓ.
2025-02-04 13:08:22,699 - INFO - РќР°С‡РёРЅР°РµРј СЃРѕР·РґР°РІР°С‚СЊ РјР°СЂС€СЂСѓС‚С‹ РґР»СЏ РјР°С€РёРЅС‹ РљРђРњРђР— 53605, РњРљ-4546-06 РІ Р»РѕС‚Рµ 1 
2025-02-04 13:08:46,549 - INFO - РџСЂРёР»РѕР¶РµРЅРёРµ Р·Р°РїСѓС‰РµРЅРѕ
2025-02-04 13:08:51,200 - INFO - Р—Р°РіСЂСѓР¶РµРЅ С„Р°Р№Р»: /Users/k.belov/Programming/python/mag_delivery_py/СЂРµРµСЃС‚СЂ РљРџ (С‚РµСЂ СЃС…РµРјР°)_new.xlsx
2025-02-04 13:08:52,370 - INFO - Р§С‚РµРЅРёРµ С„Р°Р№Р»Р°: /Users/k.belov/Programming/python/mag_delivery_py/СЂРµРµСЃС‚СЂ РљРџ (С‚РµСЂ СЃС…РµРјР°)_new.xlsx
2025-02-04 13:08:52,903 - ERROR - РћС€РёР±РєР°: Worksheet named 'РљР“Рњ' not found
2025-02-04 13:09:11,850 - INFO - РџСЂРёР»РѕР¶РµРЅРёРµ Р·Р°РїСѓС‰РµРЅРѕ
2025-02-04 13:09:17,929 - INFO - Р—Р°РіСЂСѓР¶РµРЅ С„Р°Р№Р»: /Users/k.belov/Programming/python/mag_delivery_py/СЂРµРµСЃС‚СЂ РљРџ (С‚РµСЂ СЃС…РµРјР°)_new.xlsx
2025-02-04 13:09:18,953 - INFO - Р§С‚РµРЅРёРµ С„Р°Р№Р»Р°: /Users/k.belov/Programming/python/mag_delivery_py/СЂРµРµСЃС‚СЂ РљРџ (С‚РµСЂ СЃС…РµРјР°)_new.xlsx
2025-02-04 13:09:19,616 - INFO - РћР±СЂР°Р±РѕС‚РєР° РґР°РЅРЅС‹С…
2025-02-04 13:09:19,616 - WARNING - Р—Р°РіСЂСѓР¶Р°РµРј РєР°СЂС‚Сѓ РІ СЂР°РґРёСѓСЃРµ 20.0 РєРј РѕС‚ РїРѕР»РёРіРѕРЅР°. Р­С‚Рѕ РґР»РёС‚РµР»СЊРЅС‹Р№ РїСЂРѕС†РµСЃСЃ, РЅРµ РІС‹РєР»СЋС‡Р°Р№С‚Рµ РїСЂРѕРіСЂР°РјРјСѓ.
2025-02-04 13:09:21,632 - INFO - РќР°С‡РёРЅР°РµРј СЃРѕР·РґР°РІР°С‚СЊ РјР°СЂС€СЂСѓС‚С‹ РґР»СЏ РјР°С€РёРЅС‹ РљРђРњРђР— 53605, РњРљ-4546-06 РІ Р»РѕС‚Рµ 1 
2025-02-04 13:09:21,637 - INFO - РћСЃС‚Р°Р»РѕСЃСЊ 4610 РєРѕРЅС‚РµР№РЅРµСЂРЅС‹С… РїР»РѕС‰Р°РґРѕРє РґР»СЏ СЂР°СЃСЃС‡С‘С‚Р°.
2025-02-04 13:09:22,826 - INFO - РћСЃС‚Р°Р»РѕСЃСЊ 4570 РєРѕРЅС‚РµР№РЅРµСЂРЅС‹С… РїР»РѕС‰Р°РґРѕРє РґР»СЏ СЂР°СЃСЃС‡С‘С‚Р°.
2025-02-04 13:09:24,022 - INFO - РћСЃС‚Р°Р»РѕСЃСЊ 4529 РєРѕРЅС‚РµР№РЅРµСЂРЅС‹С… РїР»РѕС‰Р°РґРѕРє РґР»СЏ СЂР°СЃСЃС‡С‘С‚Р°.
2025-02-04 13:09:25,140 - INFO - РћСЃС‚Р°Р»РѕСЃСЊ 4491 РєРѕРЅС‚РµР№РЅРµСЂРЅС‹С… РїР»РѕС‰Р°РґРѕРє РґР»СЏ СЂР°СЃСЃС‡С‘С‚Р°.
2025-02-04 13:09:26,318 - INFO - РћСЃС‚Р°Р»РѕСЃСЊ 4451 РєРѕРЅС‚РµР№РЅРµСЂРЅС‹С… РїР»РѕС‰Р°РґРѕРє РґР»СЏ СЂР°СЃСЃС‡С‘С‚Р°.
2025-02-04 13:09:27,146 - INFO - РћСЃС‚Р°Р»РѕСЃСЊ 4424 РєРѕРЅС‚РµР№РЅРµСЂРЅС‹С… РїР»РѕС‰Р°РґРѕРє РґР»СЏ СЂР°СЃСЃС‡С‘С‚Р°.
2025-02-04 13:09:28,178 - INFO - РћСЃС‚Р°Р»РѕСЃСЊ 4389 РєРѕРЅС‚РµР№РЅРµСЂРЅС‹С… РїР»РѕС‰Р°РґРѕРє РґР»СЏ СЂР°СЃСЃС‡С‘С‚Р°.
2025-02-04 13:09:29,347 - INFO - РћСЃС‚Р°Р»РѕСЃСЊ 4349 РєРѕРЅС‚РµР№РЅРµСЂРЅС‹С… РїР»РѕС‰Р°РґРѕРє РґР»СЏ СЂР°СЃСЃС‡С‘С‚Р°.
2025-02-04 13:09:30,538 - INFO - РћСЃС‚Р°Р»РѕСЃСЊ 4309 РєРѕРЅС‚РµР№РЅРµСЂРЅС‹С… РїР»РѕС‰Р°РґРѕРє РґР»СЏ СЂР°СЃСЃС‡С‘С‚Р°.
2025-02-04 13:09:31,810 - INFO - РћСЃС‚Р°Р»РѕСЃСЊ 4266 РєРѕРЅС‚РµР№РЅРµСЂРЅС‹С… РїР»РѕС‰Р°РґРѕРє РґР»СЏ СЂР°СЃСЃС‡С‘С‚Р°.
2025-02-04 13:09:32,914 - INFO - РћСЃС‚Р°Р»РѕСЃСЊ 4229 РєРѕРЅС‚РµР№РЅРµСЂРЅС‹С… РїР»РѕС‰Р°РґРѕРє РґР»СЏ СЂР°СЃСЃС‡С‘С‚Р°.
2025-02-04 13:09:33,918 - INFO - РћСЃС‚Р°Р»РѕСЃСЊ 4196 РєРѕРЅС‚РµР№РЅРµСЂРЅС‹С… РїР»РѕС‰Р°РґРѕРє РґР»СЏ СЂР°СЃСЃС‡С‘С‚Р°.
2025-02-04 13:13:34,651 - INFO - РџСЂРёР»РѕР¶РµРЅРёРµ Р·Р°РїСѓС‰РµРЅРѕ
2025-02-04 13:13:39,278 - INFO - Р—Р°РіСЂСѓР¶РµРЅ С„Р°Р№Р»: /Users/k.belov/Programming/python/mag_delivery_py/СЂРµРµСЃС‚СЂ РљРџ (С‚РµСЂ СЃС…РµРјР°)_new.xlsx
2025-02-04 13:13:40,340 - INFO - Р§С‚РµРЅРёРµ С„Р°Р№Р»Р°: /Users/k.belov/Programming/python/mag_delivery_py/СЂРµРµСЃС‚СЂ РљРџ (С‚РµСЂ СЃС…РµРјР°)_new.xlsx
2025-02-04 13:13:40,985 - INFO - РћР±СЂР°Р±РѕС‚РєР° РґР°РЅРЅС‹С…
2025-02-04 13:13:40,985 - WARNING - Р—Р°РіСЂСѓР¶Р°РµРј РєР°СЂС‚Сѓ РІ СЂР°РґРёСѓСЃРµ 20.0 РєРј РѕС‚ РїРѕР»РёРіРѕРЅР°. Р­С‚Рѕ РґР»РёС‚РµР»СЊРЅС‹Р№ РїСЂРѕС†РµСЃСЃ, РЅРµ РІС‹РєР»СЋС‡Р°Р№С‚Рµ РїСЂРѕРіСЂР°РјРјСѓ.
2025-02-04 13:13:43,029 - INFO - РќР°С‡РёРЅР°РµРј СЃРѕР·РґР°РІР°С‚СЊ РјР°СЂС€СЂСѓС‚С‹ РґР»СЏ РјР°С€РёРЅС‹ РљРђРњРђР— 53605, РњРљ-4546-06 РІ Р»РѕС‚Рµ 1 
2025-02-04 13:13:43,032 - INFO - РћСЃС‚Р°Р»РѕСЃСЊ 4610 РєРѕРЅС‚РµР№РЅРµСЂРЅС‹С… РїР»РѕС‰Р°РґРѕРє РґР»СЏ СЂР°СЃСЃС‡С‘С‚Р°.
2025-02-04 13:13:44,194 - INFO - РћСЃС‚Р°Р»РѕСЃСЊ 4570 РєРѕРЅС‚РµР№РЅРµСЂРЅС‹С… РїР»РѕС‰Р°РґРѕРє РґР»СЏ СЂР°СЃСЃС‡С‘С‚Р°.
2025-02-04 13:13:45,392 - INFO - РћСЃС‚Р°Р»РѕСЃСЊ 4529 РєРѕРЅС‚РµР№РЅРµСЂРЅС‹С… РїР»РѕС‰Р°РґРѕРє РґР»СЏ СЂР°СЃСЃС‡С‘С‚Р°.
2025-02-04 13:13:46,502 - INFO - РћСЃС‚Р°Р»РѕСЃСЊ 4491 РєРѕРЅС‚РµР№РЅРµСЂРЅС‹С… РїР»РѕС‰Р°РґРѕРє РґР»СЏ СЂР°СЃСЃС‡С‘С‚Р°.
2025-02-04 13:16:02,084 - INFO - РџСЂРёР»РѕР¶РµРЅРёРµ Р·Р°РїСѓС‰РµРЅРѕ
2025-02-04 13:16:06,072 - INFO - Р—Р°РіСЂСѓР¶РµРЅ С„Р°Р№Р»: /Users/k.belov/Programming/python/mag_delivery_py/СЂРµРµСЃС‚СЂ РљРџ (С‚РµСЂ СЃС…РµРјР°)_new.xlsx
2025-02-04 13:16:06,906 - INFO - Р§С‚РµРЅРёРµ С„Р°Р№Р»Р°: /Users/k.belov/Programming/python/mag_delivery_py/СЂРµРµСЃС‚СЂ РљРџ (С‚РµСЂ СЃС…РµРјР°)_new.xlsx
2025-02-04 13:16:07,568 - INFO - РћР±СЂР°Р±РѕС‚РєР° РґР°РЅРЅС‹С…
2025-02-04 13:16:07,568 - WARNING - Р—Р°РіСЂСѓР¶Р°РµРј РєР°СЂС‚Сѓ РІ СЂР°РґРёСѓСЃРµ 20.0 РєРј РѕС‚ РїРѕР»РёРіРѕРЅР°. Р­С‚Рѕ РґР»РёС‚РµР»СЊРЅС‹Р№ РїСЂРѕС†РµСЃСЃ, РЅРµ РІС‹РєР»СЋС‡Р°Р№С‚Рµ РїСЂРѕРіСЂР°РјРјСѓ.
2025-02-04 13:16:09,635 - INFO - РќР°С‡РёРЅР°РµРј СЃРѕР·РґР°РІР°С‚СЊ РјР°СЂС€СЂСѓС‚С‹ РґР»СЏ РјР°С€РёРЅС‹ РљРђРњРђР— 53605, РњРљ-4546-06 РІ Р»РѕС‚Рµ 1 
2025-02-04 13:16:09,638 - INFO - РћСЃС‚Р°Р»РѕСЃСЊ 4610 РєРѕРЅС‚РµР№РЅРµСЂРЅС‹С… РїР»РѕС‰Р°РґРѕРє РґР»СЏ СЂР°СЃСЃС‡С‘С‚Р°.
2025-02-04 13:16:10,785 - INFO - РћСЃС‚Р°Р»РѕСЃСЊ 4570 РєРѕРЅС‚РµР№РЅРµСЂРЅС‹С… РїР»РѕС‰Р°РґРѕРє РґР»СЏ СЂР°СЃСЃС‡С‘С‚Р°.
2025-02-04 13:17:16,621 - INFO - РџСЂРёР»РѕР¶РµРЅРёРµ Р·Р°РїСѓС‰РµРЅРѕ
2025-02-04 13:17:21,300 - INFO - Р—Р°РіСЂСѓР¶РµРЅ С„Р°Р№Р»: /Users/k.belov/Programming/python/mag_delivery_py/СЂРµРµСЃС‚СЂ РљРџ (С‚РµСЂ СЃС…РµРјР°)_new.xlsx
2025-02-04 13:17:22,507 - INFO - Р§С‚РµРЅРёРµ С„Р°Р№Р»Р°: /Users/k.belov/Programming/python/mag_delivery_py/СЂРµРµСЃС‚СЂ РљРџ (С‚РµСЂ СЃС…РµРјР°)_new.xlsx
2025-02-04 13:17:23,156 - INFO - РћР±СЂР°Р±РѕС‚РєР° РґР°РЅРЅС‹С…
2025-02-04 13:17:23,156 - WARNING - Р—Р°РіСЂСѓР¶Р°РµРј РєР°СЂС‚Сѓ РІ СЂР°РґРёСѓСЃРµ 20.0 РєРј РѕС‚ РїРѕР»РёРіРѕРЅР°. Р­С‚Рѕ РґР»РёС‚РµР»СЊРЅС‹Р№ РїСЂРѕС†РµСЃСЃ, РЅРµ РІС‹РєР»СЋС‡Р°Р№С‚Рµ РїСЂРѕРіСЂР°РјРјСѓ.
2025-02-04 13:17:25,172 - INFO - РќР°С‡РёРЅР°РµРј СЃРѕР·РґР°РІР°С‚СЊ РјР°СЂС€СЂСѓС‚С‹ РґР»СЏ РјР°С€РёРЅС‹ РљРђРњРђР— 53605, РњРљ-4546-06 РІ Р»РѕС‚Рµ 1 
2025-02-04 13:17:25,175 - INFO - РћСЃС‚Р°Р»РѕСЃСЊ 4610 РєРѕРЅС‚РµР№РЅРµСЂРЅС‹С… РїР»РѕС‰Р°РґРѕРє РґР»СЏ СЂР°СЃСЃС‡С‘С‚Р°.
2025-02-04 13:17:26,395 - INFO - РћСЃС‚Р°Р»РѕСЃСЊ 4570 РєРѕРЅС‚РµР№РЅРµСЂРЅС‹С… РїР»РѕС‰Р°РґРѕРє РґР»СЏ СЂР°СЃСЃС‡С‘С‚Р°.
2025-02-04 13:19:50,563 - INFO - РџСЂРёР»РѕР¶РµРЅРёРµ Р·Р°РїСѓС‰РµРЅРѕ
2025-02-04 13:19:53,681 - INFO - Р—Р°РіСЂСѓР¶РµРЅ С„Р°Р№Р»: /Users/k.belov/Programming/python/mag_delivery_py/СЂРµРµСЃС‚СЂ РљРџ (С‚РµСЂ СЃС…РµРјР°)_new.xlsx
2025-02-04 13:19:55,458 - INFO - Р§С‚РµРЅРёРµ С„Р°Р№Р»Р°: /Users/k.belov/Programming/python/mag_delivery_py/СЂРµРµСЃС‚СЂ РљРџ (С‚РµСЂ СЃС…РµРјР°)_new.xlsx
2025-02-04 13:19:56,127 - INFO - РћР±СЂР°Р±РѕС‚РєР° РґР°РЅРЅС‹С…
2025-02-04 13:19:56,128 - WARNING - Р—Р°РіСЂСѓР¶Р°РµРј РєР°СЂС‚Сѓ РІ СЂР°РґРёСѓСЃРµ 20.0 РєРј РѕС‚ РїРѕР»РёРіРѕРЅР°. Р­С‚Рѕ РґР»РёС‚РµР»СЊРЅС‹Р№ РїСЂРѕС†РµСЃСЃ, РЅРµ РІС‹РєР»СЋС‡Р°Р№С‚Рµ РїСЂРѕРіСЂР°РјРјСѓ.
2025-02-04 13:19:58,168 - INFO - РќР°С‡РёРЅР°РµРј СЃРѕР·РґР°РІР°С‚СЊ РјР°СЂС€СЂСѓС‚С‹ РґР»СЏ РјР°С€РёРЅС‹ РљРђРњРђР— 53605, РњРљ-4546-06 РІ Р»РѕС‚Рµ 1 
2025-02-04 13:19:58,171 - INFO - РћСЃС‚Р°Р»РѕСЃСЊ 4610 РєРѕРЅС‚РµР№РЅРµСЂРЅС‹С… РїР»РѕС‰Р°РґРѕРє РґР»СЏ СЂР°СЃСЃС‡С‘С‚Р°.
2025-02-04 13:19:59,301 - INFO - РћСЃС‚Р°Р»РѕСЃСЊ 4570 РєРѕРЅС‚РµР№РЅРµСЂРЅС‹С… РїР»РѕС‰Р°РґРѕРє РґР»СЏ СЂР°СЃСЃС‡С‘С‚Р°.
2025-02-04 13:24:35,135 - INFO - РџСЂРёР»РѕР¶РµРЅРёРµ Р·Р°РїСѓС‰РµРЅРѕ
2025-02-04 13:24:38,890 - INFO - Р—Р°РіСЂСѓР¶РµРЅ С„Р°Р№Р»: /Users/k.belov/Programming/python/mag_delivery_py/СЂРµРµСЃС‚СЂ РљРџ (С‚РµСЂ СЃС…РµРјР°)_small.xlsx
2025-02-04 13:24:39,863 - INFO - Р§С‚РµРЅРёРµ С„Р°Р№Р»Р°: /Users/k.belov/Programming/python/mag_delivery_py/СЂРµРµСЃС‚СЂ РљРџ (С‚РµСЂ СЃС…РµРјР°)_small.xlsx
2025-02-04 13:24:39,927 - INFO - РћР±СЂР°Р±РѕС‚РєР° РґР°РЅРЅС‹С…
2025-02-04 13:24:39,927 - WARNING - Р—Р°РіСЂСѓР¶Р°РµРј РєР°СЂС‚Сѓ РІ СЂР°РґРёСѓСЃРµ 20.0 РєРј РѕС‚ РїРѕР»РёРіРѕРЅР°. Р­С‚Рѕ РґР»РёС‚РµР»СЊРЅС‹Р№ РїСЂРѕС†РµСЃСЃ, РЅРµ РІС‹РєР»СЋС‡Р°Р№С‚Рµ РїСЂРѕРіСЂР°РјРјСѓ.
2025-02-04 13:24:41,944 - INFO - РќР°С‡РёРЅР°РµРј СЃРѕР·РґР°РІР°С‚СЊ РјР°СЂС€СЂСѓС‚С‹ РґР»СЏ РјР°С€РёРЅС‹ РљРђРњРђР— 53605, РњРљ-4546-06 РІ Р»РѕС‚Рµ 1 
2025-02-04 13:24:41,945 - INFO - РћСЃС‚Р°Р»РѕСЃСЊ 9 РєРѕРЅС‚РµР№РЅРµСЂРЅС‹С… РїР»РѕС‰Р°РґРѕРє РґР»СЏ СЂР°СЃСЃС‡С‘С‚Р°.
2025-02-04 13:24:42,177 - INFO - Р Р°СЃС‡С‘С‚ РґР»СЏ РјР°С€РёРЅС‹ РљРђРњРђР— 53605, РњРљ-4546-06 РІ Р»РѕС‚Рµ 1 Р·Р°РІРµСЂС€С‘РЅ.
2025-02-04 13:24:42,177 - INFO - РќР°С‡РёРЅР°РµРј СЃРѕР·РґР°РІР°С‚СЊ РјР°СЂС€СЂСѓС‚С‹ РґР»СЏ РјР°С€РёРЅС‹ РљРђРњРђР— 123 РІ Р»РѕС‚Рµ 1 
2025-02-04 13:26:16,086 - INFO - РџСЂРёР»РѕР¶РµРЅРёРµ Р·Р°РїСѓС‰РµРЅРѕ
2025-02-04 13:26:22,256 - INFO - Р—Р°РіСЂСѓР¶РµРЅ С„Р°Р№Р»: /Users/k.belov/Programming/python/mag_delivery_py/СЂРµРµСЃС‚СЂ РљРџ (С‚РµСЂ СЃС…РµРјР°)_small.xlsx
2025-02-04 13:26:23,898 - INFO - Р§С‚РµРЅРёРµ С„Р°Р№Р»Р°: /Users/k.belov/Programming/python/mag_delivery_py/СЂРµРµСЃС‚СЂ РљРџ (С‚РµСЂ СЃС…РµРјР°)_small.xlsx
2025-02-04 13:26:23,961 - INFO - РћР±СЂР°Р±РѕС‚РєР° РґР°РЅРЅС‹С…
2025-02-04 13:26:23,961 - WARNING - Р—Р°РіСЂСѓР¶Р°РµРј РєР°СЂС‚Сѓ РІ СЂР°РґРёСѓСЃРµ 20.0 РєРј РѕС‚ РїРѕР»РёРіРѕРЅР°. Р­С‚Рѕ РґР»РёС‚РµР»СЊРЅС‹Р№ РїСЂРѕС†РµСЃСЃ, РЅРµ РІС‹РєР»СЋС‡Р°Р№С‚Рµ РїСЂРѕРіСЂР°РјРјСѓ.
2025-02-04 13:26:25,968 - INFO - РќР°С‡РёРЅР°РµРј СЃРѕР·РґР°РІР°С‚СЊ РјР°СЂС€СЂСѓС‚С‹ РґР»СЏ РјР°С€РёРЅС‹ РљРђРњРђР— 53605, РњРљ-4546-06 РІ Р»РѕС‚Рµ 1 
2025-02-04 13:26:25,969 - INFO - РћСЃС‚Р°Р»РѕСЃСЊ 9 РєРѕРЅС‚РµР№РЅРµСЂРЅС‹С… РїР»РѕС‰Р°РґРѕРє РґР»СЏ СЂР°СЃСЃС‡С‘С‚Р°.
2025-02-04 13:26:26,201 - INFO - Р Р°СЃС‡С‘С‚ РґР»СЏ РјР°С€РёРЅС‹ РљРђРњРђР— 53605, РњРљ-4546-06 РІ Р»РѕС‚Рµ 1 Р·Р°РІРµСЂС€С‘РЅ.
2025-02-04 13:26:26,202 - INFO - РќР°С‡РёРЅР°РµРј СЃРѕР·РґР°РІР°С‚СЊ РјР°СЂС€СЂСѓС‚С‹ РґР»СЏ РјР°С€РёРЅС‹ РљРђРњРђР— 123 РІ Р»РѕС‚Рµ 1 
2025-02-04 13:28:33,927 - INFO - РџСЂРёР»РѕР¶РµРЅРёРµ Р·Р°РїСѓС‰РµРЅРѕ
2025-02-04 13:28:37,560 - INFO - Р—Р°РіСЂСѓР¶РµРЅ С„Р°Р№Р»: /Users/k.belov/Programming/python/mag_delivery_py/СЂРµРµСЃС‚СЂ РљРџ (С‚РµСЂ СЃС…РµРјР°)_small.xlsx
2025-02-04 13:28:38,899 - INFO - Р§С‚РµРЅРёРµ С„Р°Р№Р»Р°: /Users/k.belov/Programming/python/mag_delivery_py/СЂРµРµСЃС‚СЂ РљРџ (С‚РµСЂ СЃС…РµРјР°)_small.xlsx
2025-02-04 13:28:38,957 - INFO - РћР±СЂР°Р±РѕС‚РєР° РґР°РЅРЅС‹С…
2025-02-04 13:28:38,958 - WARNING - Р—Р°РіСЂСѓР¶Р°РµРј РєР°СЂС‚Сѓ РІ СЂР°РґРёСѓСЃРµ 20.0 РєРј РѕС‚ РїРѕР»РёРіРѕРЅР°. Р­С‚Рѕ РґР»РёС‚РµР»СЊРЅС‹Р№ РїСЂРѕС†РµСЃСЃ, РЅРµ РІС‹РєР»СЋС‡Р°Р№С‚Рµ РїСЂРѕРіСЂР°РјРјСѓ.
2025-02-04 13:28:40,959 - INFO - РќР°С‡РёРЅР°РµРј СЃРѕР·РґР°РІР°С‚СЊ РјР°СЂС€СЂСѓС‚С‹ РґР»СЏ РјР°С€РёРЅС‹ РљРђРњРђР— 53605, РњРљ-4546-06 РІ Р»РѕС‚Рµ 1 
2025-02-04 13:28:40,960 - INFO - РћСЃС‚Р°Р»РѕСЃСЊ 9 РєРѕРЅС‚РµР№РЅРµСЂРЅС‹С… РїР»РѕС‰Р°РґРѕРє РґР»СЏ СЂР°СЃСЃС‡С‘С‚Р°.
2025-02-04 13:28:41,189 - INFO - Р Р°СЃС‡С‘С‚ РґР»СЏ РјР°С€РёРЅС‹ РљРђРњРђР— 53605, РњРљ-4546-06 РІ Р»РѕС‚Рµ 1 Р·Р°РІРµСЂС€С‘РЅ.
2025-02-04 13:28:41,189 - INFO - РќР°С‡РёРЅР°РµРј СЃРѕР·РґР°РІР°С‚СЊ РјР°СЂС€СЂСѓС‚С‹ РґР»СЏ РјР°С€РёРЅС‹ РљРђРњРђР— 123 РІ Р»РѕС‚Рµ 1 
2025-02-04 13:29:10,743 - INFO - РџСЂРёР»РѕР¶РµРЅРёРµ Р·Р°РїСѓС‰РµРЅРѕ
2025-02-04 13:29:14,434 - INFO - Р—Р°РіСЂСѓР¶РµРЅ С„Р°Р№Р»: /Users/k.belov/Programming/python/mag_delivery_py/СЂРµРµСЃС‚СЂ РљРџ (С‚РµСЂ СЃС…РµРјР°)_small.xlsx
2025-02-04 13:29:15,267 - INFO - Р§С‚РµРЅРёРµ С„Р°Р№Р»Р°: /Users/k.belov/Programming/python/mag_delivery_py/СЂРµРµСЃС‚СЂ РљРџ (С‚РµСЂ СЃС…РµРјР°)_small.xlsx
2025-02-04 13:29:15,331 - INFO - РћР±СЂР°Р±РѕС‚РєР° РґР°РЅРЅС‹С…
2025-02-04 13:29:15,332 - WARNING - Р—Р°РіСЂСѓР¶Р°РµРј РєР°СЂС‚Сѓ РІ СЂР°РґРёСѓСЃРµ 20.0 РєРј РѕС‚ РїРѕР»РёРіРѕРЅР°. Р­С‚Рѕ РґР»РёС‚РµР»СЊРЅС‹Р№ РїСЂРѕС†РµСЃСЃ, РЅРµ РІС‹РєР»СЋС‡Р°Р№С‚Рµ РїСЂРѕРіСЂР°РјРјСѓ.
2025-02-04 13:29:17,378 - INFO - РќР°С‡РёРЅР°РµРј СЃРѕР·РґР°РІР°С‚СЊ РјР°СЂС€СЂСѓС‚С‹ РґР»СЏ РјР°С€РёРЅС‹ РљРђРњРђР— 53605, РњРљ-4546-06 РІ Р»РѕС‚Рµ 1 
2025-02-04 13:29:17,379 - INFO - Р Р°СЃС‡С‘С‚ РґР»СЏ РјР°С€РёРЅС‹ РљРђРњРђР— 53605, РњРљ-4546-06 РІ Р»РѕС‚Рµ 1 Р·Р°РІРµСЂС€С‘РЅ.
2025-02-04 13:29:17,379 - INFO - РќР°С‡РёРЅР°РµРј СЃРѕР·РґР°РІР°С‚СЊ РјР°СЂС€СЂСѓС‚С‹ РґР»СЏ РјР°С€РёРЅС‹ РљРђРњРђР— 123 РІ Р»РѕС‚Рµ 1 
2025-02-04 13:33:48,531 - INFO - РџСЂРёР»РѕР¶РµРЅРёРµ Р·Р°РїСѓС‰РµРЅРѕ
2025-02-04 13:33:53,075 - INFO - Р—Р°РіСЂСѓР¶РµРЅ С„Р°Р№Р»: /Users/k.belov/Programming/python/mag_delivery_py/СЂРµРµСЃС‚СЂ РљРџ (С‚РµСЂ СЃС…РµРјР°)_small.xlsx
2025-02-04 13:33:53,920 - INFO - Р§С‚РµРЅРёРµ С„Р°Р№Р»Р°: /Users/k.belov/Programming/python/mag_delivery_py/СЂРµРµСЃС‚СЂ РљРџ (С‚РµСЂ СЃС…РµРјР°)_small.xlsx
2025-02-04 13:33:53,984 - INFO - РћР±СЂР°Р±РѕС‚РєР° РґР°РЅРЅС‹С…
2025-02-04 13:33:53,984 - WARNING - Р—Р°РіСЂСѓР¶Р°РµРј РєР°СЂС‚Сѓ РІ СЂР°РґРёСѓСЃРµ 20.0 РєРј РѕС‚ РїРѕР»РёРіРѕРЅР°. Р­С‚Рѕ РґР»РёС‚РµР»СЊРЅС‹Р№ РїСЂРѕС†РµСЃСЃ, РЅРµ РІС‹РєР»СЋС‡Р°Р№С‚Рµ РїСЂРѕРіСЂР°РјРјСѓ.
2025-02-04 13:33:56,012 - INFO - РќР°С‡РёРЅР°РµРј СЃРѕР·РґР°РІР°С‚СЊ РјР°СЂС€СЂСѓС‚С‹ РґР»СЏ РјР°С€РёРЅС‹ РљРђРњРђР— 53605, РњРљ-4546-06 РІ Р»РѕС‚Рµ 1 
2025-02-04 13:33:56,013 - INFO - РћСЃС‚Р°Р»РѕСЃСЊ 8 РєРѕРЅС‚РµР№РЅРµСЂРЅС‹С… РїР»РѕС‰Р°РґРѕРє РґР»СЏ СЂР°СЃСЃС‡С‘С‚Р°.
2025-02-04 13:33:56,221 - INFO - Р Р°СЃС‡С‘С‚ РґР»СЏ РјР°С€РёРЅС‹ РљРђРњРђР— 53605, РњРљ-4546-06 РІ Р»РѕС‚Рµ 1 Р·Р°РІРµСЂС€С‘РЅ.
2025-02-04 13:33:56,221 - INFO - РќР°С‡РёРЅР°РµРј СЃРѕР·РґР°РІР°С‚СЊ РјР°СЂС€СЂСѓС‚С‹ РґР»СЏ РјР°С€РёРЅС‹ РљРђРњРђР— 123 РІ Р»РѕС‚Рµ 1 
2025-02-04 13:34:22,339 - INFO - РџСЂРёР»РѕР¶РµРЅРёРµ Р·Р°РїСѓС‰РµРЅРѕ
2025-02-04 13:34:26,524 - INFO - Р—Р°РіСЂСѓР¶РµРЅ С„Р°Р№Р»: /Users/k.belov/Programming/python/mag_delivery_py/СЂРµРµСЃС‚СЂ РљРџ (С‚РµСЂ СЃС…РµРјР°)_small.xlsx
2025-02-04 13:34:27,471 - INFO - Р§С‚РµРЅРёРµ С„Р°Р№Р»Р°: /Users/k.belov/Programming/python/mag_delivery_py/СЂРµРµСЃС‚СЂ РљРџ (С‚РµСЂ СЃС…РµРјР°)_small.xlsx
2025-02-04 13:34:27,535 - INFO - РћР±СЂР°Р±РѕС‚РєР° РґР°РЅРЅС‹С…
2025-02-04 13:34:27,535 - WARNING - Р—Р°РіСЂСѓР¶Р°РµРј РєР°СЂС‚Сѓ РІ СЂР°РґРёСѓСЃРµ 20.0 РєРј РѕС‚ РїРѕР»РёРіРѕРЅР°. Р­С‚Рѕ РґР»РёС‚РµР»СЊРЅС‹Р№ РїСЂРѕС†РµСЃСЃ, РЅРµ РІС‹РєР»СЋС‡Р°Р№С‚Рµ РїСЂРѕРіСЂР°РјРјСѓ.
2025-02-04 13:34:29,545 - INFO - РќР°С‡РёРЅР°РµРј СЃРѕР·РґР°РІР°С‚СЊ РјР°СЂС€СЂСѓС‚С‹ РґР»СЏ РјР°С€РёРЅС‹ РљРђРњРђР— 53605, РњРљ-4546-06 РІ Р»РѕС‚Рµ 1 
2025-02-04 13:34:29,546 - INFO - РћСЃС‚Р°Р»РѕСЃСЊ 8 РєРѕРЅС‚РµР№РЅРµСЂРЅС‹С… РїР»РѕС‰Р°РґРѕРє РґР»СЏ СЂР°СЃСЃС‡С‘С‚Р°.
2025-02-04 13:34:29,748 - INFO - Р Р°СЃС‡С‘С‚ РґР»СЏ РјР°С€РёРЅС‹ РљРђРњРђР— 53605, РњРљ-4546-06 РІ Р»РѕС‚Рµ 1 Р·Р°РІРµСЂС€С‘РЅ.
2025-02-04 13:34:29,748 - INFO - РќР°С‡РёРЅР°РµРј СЃРѕР·РґР°РІР°С‚СЊ РјР°СЂС€СЂСѓС‚С‹ РґР»СЏ РјР°С€РёРЅС‹ РљРђРњРђР— 123 РІ Р»РѕС‚Рµ 1 
2025-02-04 13:34:29,749 - INFO - Р Р°СЃС‡С‘С‚ РґР»СЏ РјР°С€РёРЅС‹ РљРђРњРђР— 123 РІ Р»РѕС‚Рµ 1 Р·Р°РІРµСЂС€С‘РЅ.
2025-02-04 13:34:29,749 - INFO - РќР°С‡РёРЅР°РµРј СЃРѕР·РґР°РІР°С‚СЊ РјР°СЂС€СЂСѓС‚С‹ РґР»СЏ РјР°С€РёРЅС‹ РљРђРњРђР— 43255-3010-69, РњРљ-4512-04 РІ Р»РѕС‚Рµ 1 
2025-02-04 13:34:29,749 - INFO - Р Р°СЃС‡С‘С‚ РґР»СЏ РјР°С€РёРЅС‹ РљРђРњРђР— 43255-3010-69, РњРљ-4512-04 РІ Р»РѕС‚Рµ 1 Р·Р°РІРµСЂС€С‘РЅ.
2025-02-04 13:34:29,749 - INFO - РќР°С‡РёРЅР°РµРј СЃРѕР·РґР°РІР°С‚СЊ РјР°СЂС€СЂСѓС‚С‹ РґР»СЏ РјР°С€РёРЅС‹ Р‘СѓРЅРєРµСЂРѕРІРѕР· РІ Р»РѕС‚Рµ 1 
2025-02-04 13:34:29,750 - INFO - Р Р°СЃС‡С‘С‚ РґР»СЏ РјР°С€РёРЅС‹ Р‘СѓРЅРєРµСЂРѕРІРѕР· РІ Р»РѕС‚Рµ 1 Р·Р°РІРµСЂС€С‘РЅ.
2025-02-04 13:34:29,750 - INFO - РќР°С‡РёРЅР°РµРј СЃРѕР·РґР°РІР°С‚СЊ РјР°СЂС€СЂСѓС‚С‹ РґР»СЏ РјР°С€РёРЅС‹ РљРђРњРђР— 43255-6010-69 (СЃР°РјРѕСЃРІР°Р») РІ Р»РѕС‚Рµ 1 
2025-02-04 13:34:29,750 - INFO - РћСЃС‚Р°Р»РѕСЃСЊ 7 РєРѕРЅС‚РµР№РЅРµСЂРЅС‹С… РїР»РѕС‰Р°РґРѕРє РґР»СЏ СЂР°СЃСЃС‡С‘С‚Р°.
2025-02-04 13:45:37,925 - INFO - РџСЂРёР»РѕР¶РµРЅРёРµ Р·Р°РїСѓС‰РµРЅРѕ
2025-02-04 13:45:55,131 - INFO - Р—Р°РіСЂСѓР¶РµРЅ С„Р°Р№Р»: /Users/k.belov/Programming/python/mag_delivery_py/СЂРµРµСЃС‚СЂ РљРџ (С‚РµСЂ СЃС…РµРјР°)_small.xlsx
2025-02-04 13:45:55,874 - INFO - Р§С‚РµРЅРёРµ С„Р°Р№Р»Р°: /Users/k.belov/Programming/python/mag_delivery_py/СЂРµРµСЃС‚СЂ РљРџ (С‚РµСЂ СЃС…РµРјР°)_small.xlsx
2025-02-04 13:45:55,928 - INFO - РћР±СЂР°Р±РѕС‚РєР° РґР°РЅРЅС‹С…
2025-02-04 13:45:55,928 - WARNING - Р—Р°РіСЂСѓР¶Р°РµРј РєР°СЂС‚Сѓ РІ СЂР°РґРёСѓСЃРµ 20.0 РєРј РѕС‚ РїРѕР»РёРіРѕРЅР°. Р­С‚Рѕ РґР»РёС‚РµР»СЊРЅС‹Р№ РїСЂРѕС†РµСЃСЃ, РЅРµ РІС‹РєР»СЋС‡Р°Р№С‚Рµ РїСЂРѕРіСЂР°РјРјСѓ.
2025-02-04 13:45:58,004 - INFO - РќР°С‡РёРЅР°РµРј СЃРѕР·РґР°РІР°С‚СЊ РјР°СЂС€СЂСѓС‚С‹ РґР»СЏ РјР°С€РёРЅС‹ РљРђРњРђР— 53605, РњРљ-4546-06 РІ Р»РѕС‚Рµ 1 
2025-02-04 13:45:58,005 - INFO - РћСЃС‚Р°Р»РѕСЃСЊ 8 РєРѕРЅС‚РµР№РЅРµСЂРЅС‹С… РїР»РѕС‰Р°РґРѕРє РґР»СЏ СЂР°СЃСЃС‡С‘С‚Р°.
2025-02-04 13:45:58,211 - INFO - Р Р°СЃС‡С‘С‚ РґР»СЏ РјР°С€РёРЅС‹ РљРђРњРђР— 53605, РњРљ-4546-06 РІ Р»РѕС‚Рµ 1 Р·Р°РІРµСЂС€С‘РЅ.
2025-02-04 13:45:58,211 - INFO - РќР°С‡РёРЅР°РµРј СЃРѕР·РґР°РІР°С‚СЊ РјР°СЂС€СЂСѓС‚С‹ РґР»СЏ РјР°С€РёРЅС‹ РљРђРњРђР— 123 РІ Р»РѕС‚Рµ 1 
2025-02-04 13:47:08,909 - INFO - РџСЂРёР»РѕР¶РµРЅРёРµ Р·Р°РїСѓС‰РµРЅРѕ
2025-02-04 13:47:14,111 - INFO - Р—Р°РіСЂСѓР¶РµРЅ С„Р°Р№Р»: /Users/k.belov/Programming/python/mag_delivery_py/СЂРµРµСЃС‚СЂ РљРџ (С‚РµСЂ СЃС…РµРјР°)_small.xlsx
2025-02-04 13:47:15,523 - INFO - Р§С‚РµРЅРёРµ С„Р°Р№Р»Р°: /Users/k.belov/Programming/python/mag_delivery_py/СЂРµРµСЃС‚СЂ РљРџ (С‚РµСЂ СЃС…РµРјР°)_small.xlsx
2025-02-04 13:47:15,576 - INFO - РћР±СЂР°Р±РѕС‚РєР° РґР°РЅРЅС‹С…
2025-02-04 13:47:15,577 - WARNING - Р—Р°РіСЂСѓР¶Р°РµРј РєР°СЂС‚Сѓ РІ СЂР°РґРёСѓСЃРµ 20.0 РєРј РѕС‚ РїРѕР»РёРіРѕРЅР°. Р­С‚Рѕ РґР»РёС‚РµР»СЊРЅС‹Р№ РїСЂРѕС†РµСЃСЃ, РЅРµ РІС‹РєР»СЋС‡Р°Р№С‚Рµ РїСЂРѕРіСЂР°РјРјСѓ.
2025-02-04 13:47:17,592 - INFO - РќР°С‡РёРЅР°РµРј СЃРѕР·РґР°РІР°С‚СЊ РјР°СЂС€СЂСѓС‚С‹ РґР»СЏ РјР°С€РёРЅС‹ РљРђРњРђР— 53605, РњРљ-4546-06 РІ Р»РѕС‚Рµ 1 
2025-02-04 13:47:17,593 - INFO - РћСЃС‚Р°Р»РѕСЃСЊ 8 РєРѕРЅС‚РµР№РЅРµСЂРЅС‹С… РїР»РѕС‰Р°РґРѕРє РґР»СЏ СЂР°СЃСЃС‡С‘С‚Р°.
2025-02-04 13:47:17,794 - INFO - Р Р°СЃС‡С‘С‚ РґР»СЏ РјР°С€РёРЅС‹ РљРђРњРђР— 53605, РњРљ-4546-06 РІ Р»РѕС‚Рµ 1 Р·Р°РІРµСЂС€С‘РЅ.
2025-02-04 13:47:17,795 - INFO - РќР°С‡РёРЅР°РµРј СЃРѕР·РґР°РІР°С‚СЊ РјР°СЂС€СЂСѓС‚С‹ РґР»СЏ РјР°С€РёРЅС‹ РљРђРњРђР— 123 РІ Р»РѕС‚Рµ 1 
2025-02-04 13:47:17,795 - INFO - РћСЃС‚Р°Р»РѕСЃСЊ 1 РєРѕРЅС‚РµР№РЅРµСЂРЅС‹С… РїР»РѕС‰Р°РґРѕРє РґР»СЏ СЂР°СЃСЃС‡С‘С‚Р°.
2025-02-04 13:47:17,836 - INFO - Р Р°СЃС‡С‘С‚ РґР»СЏ РјР°С€РёРЅС‹ РљРђРњРђР— 123 РІ Р»РѕС‚Рµ 1 Р·Р°РІРµСЂС€С‘РЅ.
2025-02-04 13:47:17,836 - INFO - РќР°С‡РёРЅР°РµРј СЃРѕР·РґР°РІР°С‚СЊ РјР°СЂС€СЂСѓС‚С‹ РґР»СЏ РјР°С€РёРЅС‹ РљРђРњРђР— 43255-3010-69, РњРљ-4512-04 РІ Р»РѕС‚Рµ 1 
2025-02-04 13:47:17,837 - INFO - Р Р°СЃС‡С‘С‚ РґР»СЏ РјР°С€РёРЅС‹ РљРђРњРђР— 43255-3010-69, РњРљ-4512-04 РІ Р»РѕС‚Рµ 1 Р·Р°РІРµСЂС€С‘РЅ.
2025-02-04 13:47:17,837 - INFO - РќР°С‡РёРЅР°РµРј СЃРѕР·РґР°РІР°С‚СЊ РјР°СЂС€СЂСѓС‚С‹ РґР»СЏ РјР°С€РёРЅС‹ Р‘СѓРЅРєРµСЂРѕРІРѕР· РІ Р»РѕС‚Рµ 1 
2025-02-04 13:47:17,837 - INFO - Р Р°СЃС‡С‘С‚ РґР»СЏ РјР°С€РёРЅС‹ Р‘СѓРЅРєРµСЂРѕРІРѕР· РІ Р»РѕС‚Рµ 1 Р·Р°РІРµСЂС€С‘РЅ.
2025-02-04 13:47:17,837 - INFO - РќР°С‡РёРЅР°РµРј СЃРѕР·РґР°РІР°С‚СЊ РјР°СЂС€СЂСѓС‚С‹ РґР»СЏ РјР°С€РёРЅС‹ РљРђРњРђР— 43255-6010-69 (СЃР°РјРѕСЃРІР°Р») РІ Р»РѕС‚Рµ 1 
2025-02-04 13:47:17,838 - INFO - РћСЃС‚Р°Р»РѕСЃСЊ 7 РєРѕРЅС‚РµР№РЅРµСЂРЅС‹С… РїР»РѕС‰Р°РґРѕРє РґР»СЏ СЂР°СЃСЃС‡С‘С‚Р°.
2025-02-04 13:47:18,008 - INFO - РћСЃС‚Р°Р»РѕСЃСЊ 3 РєРѕРЅС‚РµР№РЅРµСЂРЅС‹С… РїР»РѕС‰Р°РґРѕРє РґР»СЏ СЂР°СЃСЃС‡С‘С‚Р°.
2025-02-04 13:47:18,138 - INFO - Р Р°СЃС‡С‘С‚ РґР»СЏ РјР°С€РёРЅС‹ РљРђРњРђР— 43255-6010-69 (СЃР°РјРѕСЃРІР°Р») РІ Р»РѕС‚Рµ 1 Р·Р°РІРµСЂС€С‘РЅ.
2025-02-04 13:47:18,138 - WARNING - Р Р°СЃС‡С‘С‚ РІСЃРµС… РјР°СЂС‰СЂСѓС‚РѕРІ Р·Р°РІРµСЂС€С‘РЅ!
2025-02-04 13:53:26,975 - INFO - РџСЂРёР»РѕР¶РµРЅРёРµ Р·Р°РїСѓС‰РµРЅРѕ
2025-02-04 13:53:40,133 - INFO - Р—Р°РіСЂСѓР¶РµРЅ С„Р°Р№Р»: /Users/k.belov/Programming/python/mag_delivery_py/СЂРµРµСЃС‚СЂ РљРџ (С‚РµСЂ СЃС…РµРјР°)_small.xlsx
2025-02-04 13:53:41,260 - INFO - Р§С‚РµРЅРёРµ С„Р°Р№Р»Р°: /Users/k.belov/Programming/python/mag_delivery_py/СЂРµРµСЃС‚СЂ РљРџ (С‚РµСЂ СЃС…РµРјР°)_small.xlsx
2025-02-04 13:53:41,308 - INFO - РћР±СЂР°Р±РѕС‚РєР° РґР°РЅРЅС‹С…
2025-02-04 13:53:41,309 - WARNING - Р—Р°РіСЂСѓР¶Р°РµРј РєР°СЂС‚Сѓ РІ СЂР°РґРёСѓСЃРµ 20.0 РєРј РѕС‚ РїРѕР»РёРіРѕРЅР°. Р­С‚Рѕ РґР»РёС‚РµР»СЊРЅС‹Р№ РїСЂРѕС†РµСЃСЃ, РЅРµ РІС‹РєР»СЋС‡Р°Р№С‚Рµ РїСЂРѕРіСЂР°РјРјСѓ.
2025-02-04 13:53:43,315 - INFO - РќР°С‡РёРЅР°РµРј СЃРѕР·РґР°РІР°С‚СЊ РјР°СЂС€СЂСѓС‚С‹ РґР»СЏ РјР°С€РёРЅС‹ РљРђРњРђР— 53605, РњРљ-4546-06 РІ Р»РѕС‚Рµ 1 
2025-02-04 13:53:43,316 - INFO - РћСЃС‚Р°Р»РѕСЃСЊ 8 РєРѕРЅС‚РµР№РЅРµСЂРЅС‹С… РїР»РѕС‰Р°РґРѕРє РґР»СЏ СЂР°СЃСЃС‡С‘С‚Р°.
2025-02-04 13:53:43,515 - INFO - Р Р°СЃС‡С‘С‚ РґР»СЏ РјР°С€РёРЅС‹ РљРђРњРђР— 53605, РњРљ-4546-06 РІ Р»РѕС‚Рµ 1 Р·Р°РІРµСЂС€С‘РЅ.
2025-02-04 13:53:43,515 - INFO - РќР°С‡РёРЅР°РµРј СЃРѕР·РґР°РІР°С‚СЊ РјР°СЂС€СЂСѓС‚С‹ РґР»СЏ РјР°С€РёРЅС‹ РљРђРњРђР— 123 РІ Р»РѕС‚Рµ 1 
2025-02-04 13:53:43,515 - INFO - РћСЃС‚Р°Р»РѕСЃСЊ 1 РєРѕРЅС‚РµР№РЅРµСЂРЅС‹С… РїР»РѕС‰Р°РґРѕРє РґР»СЏ СЂР°СЃСЃС‡С‘С‚Р°.
2025-02-04 13:53:43,555 - INFO - Р Р°СЃС‡С‘С‚ РґР»СЏ РјР°С€РёРЅС‹ РљРђРњРђР— 123 РІ Р»РѕС‚Рµ 1 Р·Р°РІРµСЂС€С‘РЅ.
2025-02-04 13:53:43,555 - INFO - РќР°С‡РёРЅР°РµРј СЃРѕР·РґР°РІР°С‚СЊ РјР°СЂС€СЂСѓС‚С‹ РґР»СЏ РјР°С€РёРЅС‹ РљРђРњРђР— 43255-3010-69, РњРљ-4512-04 РІ Р»РѕС‚Рµ 1 
2025-02-04 13:53:43,556 - INFO - Р Р°СЃС‡С‘С‚ РґР»СЏ РјР°С€РёРЅС‹ РљРђРњРђР— 43255-3010-69, РњРљ-4512-04 РІ Р»РѕС‚Рµ 1 Р·Р°РІРµСЂС€С‘РЅ.
2025-02-04 13:53:43,556 - INFO - РќР°С‡РёРЅР°РµРј СЃРѕР·РґР°РІР°С‚СЊ РјР°СЂС€СЂСѓС‚С‹ РґР»СЏ РјР°С€РёРЅС‹ Р‘СѓРЅРєРµСЂРѕРІРѕР· РІ Р»РѕС‚Рµ 1 
2025-02-04 13:53:43,556 - INFO - Р Р°СЃС‡С‘С‚ РґР»СЏ РјР°С€РёРЅС‹ Р‘СѓРЅРєРµСЂРѕРІРѕР· РІ Р»РѕС‚Рµ 1 Р·Р°РІРµСЂС€С‘РЅ.
2025-02-04 13:53:43,556 - INFO - РќР°С‡РёРЅР°РµРј СЃРѕР·РґР°РІР°С‚СЊ РјР°СЂС€СЂСѓС‚С‹ РґР»СЏ РјР°С€РёРЅС‹ РљРђРњРђР— 43255-6010-69 (СЃР°РјРѕСЃРІР°Р») РІ Р»РѕС‚Рµ 1 
2025-02-04 13:53:43,557 - INFO - РћСЃС‚Р°Р»РѕСЃСЊ 7 РєРѕРЅС‚РµР№РЅРµСЂРЅС‹С… РїР»РѕС‰Р°РґРѕРє РґР»СЏ СЂР°СЃСЃС‡С‘С‚Р°.
2025-02-04 13:53:43,724 - INFO - РћСЃС‚Р°Р»РѕСЃСЊ 3 РєРѕРЅС‚РµР№РЅРµСЂРЅС‹С… РїР»РѕС‰Р°РґРѕРє РґР»СЏ СЂР°СЃСЃС‡С‘С‚Р°.
2025-02-04 13:53:43,857 - INFO - Р Р°СЃС‡С‘С‚ РґР»СЏ РјР°С€РёРЅС‹ РљРђРњРђР— 43255-6010-69 (СЃР°РјРѕСЃРІР°Р») РІ Р»РѕС‚Рµ 1 Р·Р°РІРµСЂС€С‘РЅ.
2025-02-04 13:53:43,857 - WARNING - Р Р°СЃС‡С‘С‚ РІСЃРµС… РјР°СЂС‰СЂСѓС‚РѕРІ Р·Р°РІРµСЂС€С‘РЅ!
2025-02-04 13:57:17,406 - INFO - РџСЂРёР»РѕР¶РµРЅРёРµ Р·Р°РїСѓС‰РµРЅРѕ
2025-02-04 13:57:21,640 - INFO - Р—Р°РіСЂСѓР¶РµРЅ С„Р°Р№Р»: /Users/k.belov/Programming/python/mag_delivery_py/СЂРµРµСЃС‚СЂ РљРџ (С‚РµСЂ СЃС…РµРјР°)_small.xlsx
2025-02-04 13:57:22,849 - INFO - Р§С‚РµРЅРёРµ С„Р°Р№Р»Р°: /Users/k.belov/Programming/python/mag_delivery_py/СЂРµРµСЃС‚СЂ РљРџ (С‚РµСЂ СЃС…РµРјР°)_small.xlsx
2025-02-04 13:57:22,902 - INFO - РћР±СЂР°Р±РѕС‚РєР° РґР°РЅРЅС‹С…
2025-02-04 13:57:22,902 - WARNING - Р—Р°РіСЂСѓР¶Р°РµРј РєР°СЂС‚Сѓ РІ СЂР°РґРёСѓСЃРµ 20.0 РєРј РѕС‚ РїРѕР»РёРіРѕРЅР°. Р­С‚Рѕ РґР»РёС‚РµР»СЊРЅС‹Р№ РїСЂРѕС†РµСЃСЃ, РЅРµ РІС‹РєР»СЋС‡Р°Р№С‚Рµ РїСЂРѕРіСЂР°РјРјСѓ.
2025-02-04 13:57:24,898 - INFO - РќР°С‡РёРЅР°РµРј СЃРѕР·РґР°РІР°С‚СЊ РјР°СЂС€СЂСѓС‚С‹ РґР»СЏ РјР°С€РёРЅС‹ РљРђРњРђР— 53605, РњРљ-4546-06 РІ Р»РѕС‚Рµ 1 
2025-02-04 13:57:24,899 - INFO - РћСЃС‚Р°Р»РѕСЃСЊ 8 РєРѕРЅС‚РµР№РЅРµСЂРЅС‹С… РїР»РѕС‰Р°РґРѕРє РґР»СЏ СЂР°СЃСЃС‡С‘С‚Р°.
2025-02-04 13:57:25,109 - INFO - Р Р°СЃС‡С‘С‚ РґР»СЏ РјР°С€РёРЅС‹ РљРђРњРђР— 53605, РњРљ-4546-06 РІ Р»РѕС‚Рµ 1 Р·Р°РІРµСЂС€С‘РЅ.
2025-02-04 13:57:25,109 - INFO - РќР°С‡РёРЅР°РµРј СЃРѕР·РґР°РІР°С‚СЊ РјР°СЂС€СЂСѓС‚С‹ РґР»СЏ РјР°С€РёРЅС‹ РљРђРњРђР— 123 РІ Р»РѕС‚Рµ 1 
2025-02-04 13:57:25,110 - INFO - РћСЃС‚Р°Р»РѕСЃСЊ 1 РєРѕРЅС‚РµР№РЅРµСЂРЅС‹С… РїР»РѕС‰Р°РґРѕРє РґР»СЏ СЂР°СЃСЃС‡С‘С‚Р°.
2025-02-04 13:57:25,152 - INFO - Р Р°СЃС‡С‘С‚ РґР»СЏ РјР°С€РёРЅС‹ РљРђРњРђР— 123 РІ Р»РѕС‚Рµ 1 Р·Р°РІРµСЂС€С‘РЅ.
2025-02-04 13:57:25,152 - INFO - РќР°С‡РёРЅР°РµРј СЃРѕР·РґР°РІР°С‚СЊ РјР°СЂС€СЂСѓС‚С‹ РґР»СЏ РјР°С€РёРЅС‹ РљРђРњРђР— 43255-3010-69, РњРљ-4512-04 РІ Р»РѕС‚Рµ 1 
2025-02-04 13:57:25,152 - INFO - Р Р°СЃС‡С‘С‚ РґР»СЏ РјР°С€РёРЅС‹ РљРђРњРђР— 43255-3010-69, РњРљ-4512-04 РІ Р»РѕС‚Рµ 1 Р·Р°РІРµСЂС€С‘РЅ.
2025-02-04 13:57:25,152 - INFO - РќР°С‡РёРЅР°РµРј СЃРѕР·РґР°РІР°С‚СЊ РјР°СЂС€СЂСѓС‚С‹ РґР»СЏ РјР°С€РёРЅС‹ Р‘СѓРЅРєРµСЂРѕРІРѕР· РІ Р»РѕС‚Рµ 1 
2025-02-04 13:57:25,153 - INFO - Р Р°СЃС‡С‘С‚ РґР»СЏ РјР°С€РёРЅС‹ Р‘СѓРЅРєРµСЂРѕРІРѕР· РІ Р»РѕС‚Рµ 1 Р·Р°РІРµСЂС€С‘РЅ.
2025-02-04 13:57:25,153 - INFO - РќР°С‡РёРЅР°РµРј СЃРѕР·РґР°РІР°С‚СЊ РјР°СЂС€СЂСѓС‚С‹ РґР»СЏ РјР°С€РёРЅС‹ РљРђРњРђР— 43255-6010-69 (СЃР°РјРѕСЃРІР°Р») РІ Р»РѕС‚Рµ 1 
2025-02-04 13:57:25,153 - INFO - РћСЃС‚Р°Р»РѕСЃСЊ 7 РєРѕРЅС‚РµР№РЅРµСЂРЅС‹С… РїР»РѕС‰Р°РґРѕРє РґР»СЏ СЂР°СЃСЃС‡С‘С‚Р°.
2025-02-04 13:57:25,323 - INFO - РћСЃС‚Р°Р»РѕСЃСЊ 5 РєРѕРЅС‚РµР№РЅРµСЂРЅС‹С… РїР»РѕС‰Р°РґРѕРє РґР»СЏ СЂР°СЃСЃС‡С‘С‚Р°.
2025-02-04 13:57:25,486 - INFO - РћСЃС‚Р°Р»РѕСЃСЊ 3 РєРѕРЅС‚РµР№РЅРµСЂРЅС‹С… РїР»РѕС‰Р°РґРѕРє РґР»СЏ СЂР°СЃСЃС‡С‘С‚Р°.
2025-02-04 13:57:25,573 - INFO - Р Р°СЃС‡С‘С‚ РґР»СЏ РјР°С€РёРЅС‹ РљРђРњРђР— 43255-6010-69 (СЃР°РјРѕСЃРІР°Р») РІ Р»РѕС‚Рµ 1 Р·Р°РІРµСЂС€С‘РЅ.
2025-02-04 13:57:25,574 - WARNING - Р Р°СЃС‡С‘С‚ РІСЃРµС… РјР°СЂС‰СЂСѓС‚РѕРІ Р·Р°РІРµСЂС€С‘РЅ!
2025-02-04 13:58:15,403 - INFO - РџСЂРёР»РѕР¶РµРЅРёРµ Р·Р°РїСѓС‰РµРЅРѕ
2025-02-04 13:58:18,966 - INFO - Р—Р°РіСЂСѓР¶РµРЅ С„Р°Р№Р»: /Users/k.belov/Programming/python/mag_delivery_py/СЂРµРµСЃС‚СЂ РљРџ (С‚РµСЂ СЃС…РµРјР°)_small.xlsx
2025-02-04 13:58:19,949 - INFO - Р§С‚РµРЅРёРµ С„Р°Р№Р»Р°: /Users/k.belov/Programming/python/mag_delivery_py/СЂРµРµСЃС‚СЂ РљРџ (С‚РµСЂ СЃС…РµРјР°)_small.xlsx
2025-02-04 13:58:20,004 - INFO - РћР±СЂР°Р±РѕС‚РєР° РґР°РЅРЅС‹С…
2025-02-04 13:58:20,004 - WARNING - Р—Р°РіСЂСѓР¶Р°РµРј РєР°СЂС‚Сѓ РІ СЂР°РґРёСѓСЃРµ 20.0 РєРј РѕС‚ РїРѕР»РёРіРѕРЅР°. Р­С‚Рѕ РґР»РёС‚РµР»СЊРЅС‹Р№ РїСЂРѕС†РµСЃСЃ, РЅРµ РІС‹РєР»СЋС‡Р°Р№С‚Рµ РїСЂРѕРіСЂР°РјРјСѓ.
2025-02-04 13:58:22,014 - INFO - РќР°С‡РёРЅР°РµРј СЃРѕР·РґР°РІР°С‚СЊ РјР°СЂС€СЂСѓС‚С‹ РґР»СЏ РјР°С€РёРЅС‹ РљРђРњРђР— 53605, РњРљ-4546-06 РІ Р»РѕС‚Рµ 1 
2025-02-04 13:58:22,015 - INFO - РћСЃС‚Р°Р»РѕСЃСЊ 8 РєРѕРЅС‚РµР№РЅРµСЂРЅС‹С… РїР»РѕС‰Р°РґРѕРє РґР»СЏ СЂР°СЃСЃС‡С‘С‚Р°.
2025-02-04 13:58:22,224 - INFO - Р Р°СЃС‡С‘С‚ РґР»СЏ РјР°С€РёРЅС‹ РљРђРњРђР— 53605, РњРљ-4546-06 РІ Р»РѕС‚Рµ 1 Р·Р°РІРµСЂС€С‘РЅ.
2025-02-04 13:58:22,224 - INFO - РќР°С‡РёРЅР°РµРј СЃРѕР·РґР°РІР°С‚СЊ РјР°СЂС€СЂСѓС‚С‹ РґР»СЏ РјР°С€РёРЅС‹ РљРђРњРђР— 123 РІ Р»РѕС‚Рµ 1 
2025-02-04 13:58:22,224 - INFO - РћСЃС‚Р°Р»РѕСЃСЊ 1 РєРѕРЅС‚РµР№РЅРµСЂРЅС‹С… РїР»РѕС‰Р°РґРѕРє РґР»СЏ СЂР°СЃСЃС‡С‘С‚Р°.
2025-02-04 13:58:22,265 - INFO - Р Р°СЃС‡С‘С‚ РґР»СЏ РјР°С€РёРЅС‹ РљРђРњРђР— 123 РІ Р»РѕС‚Рµ 1 Р·Р°РІРµСЂС€С‘РЅ.
2025-02-04 13:58:22,265 - INFO - РќР°С‡РёРЅР°РµРј СЃРѕР·РґР°РІР°С‚СЊ РјР°СЂС€СЂСѓС‚С‹ РґР»СЏ РјР°С€РёРЅС‹ РљРђРњРђР— 43255-3010-69, РњРљ-4512-04 РІ Р»РѕС‚Рµ 1 
2025-02-04 13:58:22,265 - INFO - Р Р°СЃС‡С‘С‚ РґР»СЏ РјР°С€РёРЅС‹ РљРђРњРђР— 43255-3010-69, РњРљ-4512-04 РІ Р»РѕС‚Рµ 1 Р·Р°РІРµСЂС€С‘РЅ.
2025-02-04 13:58:22,265 - INFO - РќР°С‡РёРЅР°РµРј СЃРѕР·РґР°РІР°С‚СЊ РјР°СЂС€СЂСѓС‚С‹ РґР»СЏ РјР°С€РёРЅС‹ Р‘СѓРЅРєРµСЂРѕРІРѕР· РІ Р»РѕС‚Рµ 1 
2025-02-04 13:58:22,266 - INFO - Р Р°СЃС‡С‘С‚ РґР»СЏ РјР°С€РёРЅС‹ Р‘СѓРЅРєРµСЂРѕРІРѕР· РІ Р»РѕС‚Рµ 1 Р·Р°РІРµСЂС€С‘РЅ.
2025-02-04 13:58:22,266 - INFO - РќР°С‡РёРЅР°РµРј СЃРѕР·РґР°РІР°С‚СЊ РјР°СЂС€СЂСѓС‚С‹ РґР»СЏ РјР°С€РёРЅС‹ РљРђРњРђР— 43255-6010-69 (СЃР°РјРѕСЃРІР°Р») РІ Р»РѕС‚Рµ 1 
2025-02-04 13:58:22,266 - INFO - РћСЃС‚Р°Р»РѕСЃСЊ 7 РєРѕРЅС‚РµР№РЅРµСЂРЅС‹С… РїР»РѕС‰Р°РґРѕРє РґР»СЏ СЂР°СЃСЃС‡С‘С‚Р°.
2025-02-04 13:58:22,451 - INFO - Р Р°СЃС‡С‘С‚ РґР»СЏ РјР°С€РёРЅС‹ РљРђРњРђР— 43255-6010-69 (СЃР°РјРѕСЃРІР°Р») РІ Р»РѕС‚Рµ 1 Р·Р°РІРµСЂС€С‘РЅ.
2025-02-04 13:58:22,451 - WARNING - Р Р°СЃС‡С‘С‚ РІСЃРµС… РјР°СЂС‰СЂСѓС‚РѕРІ Р·Р°РІРµСЂС€С‘РЅ!
